3 103 138 288
3 129 250 281
6 59 76 192 218 247 272
4 151 162 196 283
4 28 43 166 216
2 87 219
2 75 108
0 
5 41 67 85 141 170
4 68 116 173 199
1 147
3 89 135 143
2 145 160
4 19 35 130 206
2 15 119
3 38 191 221
2 29 96
1 52
2 26 297
1 168
0 
9 3 25 47 65 111 177 212 265 282
4 99 109 237 263
1 257
3 110 175 280
3 107 184 264
1 5
3 92 126 156
5 12 128 155 169 290
4 18 106 113 152
1 296
2 90 268
0 
2 180 292
0 
2 86 186
3 42 64 193
4 60 136 154 295
4 21 24 31 172
3 77 194 267
3 80 117 214
2 144 190
1 62
1 122
3 120 217 255
4 17 33 178 277
4 39 83 171 298
3 66 137 240
5 13 127 164 195 211
2 37 167
4 1 79 159 289
2 142 158
6 27 98 176 220 273 284
4 2 115 146 197
3 70 139 223
2 102 132
2 248 252
4 32 34 49 238
2 51 133
1 44
0 
2 50 249
2 0 121
4 57 72 82 150
5 4 63 94 105 210
5 118 153 213 262 279
4 88 97 188 200
5 11 161 241 256 278
3 207 233 291
2 270 293
1 285
4 36 101 198 230
5 8 131 209 251 261
3 140 274 287
3 179 231 239
5 9 10 125 149 245
1 236
4 95 205 224 275
3 100 114 232
4 91 229 235 259
1 104
2 182 189
2 73 234
3 20 201 286
5 45 187 243 244 266
2 124 183
3 16 71 185
3 6 55 174
4 48 148 203 258
2 7 181
3 23 165 276
7 56 78 84 202 225 246 260
3 58 61 242
4 14 46 215 269
5 40 74 157 204 253
4 54 112 208 228
6 81 93 226 227 254 299
3 123 163 271
2 22 294
5 30 53 69 134 222
