27 113 807 912 1080 1126 1216 1354 1573 1597 1678 1861 2883 3003 3156 3161 4197 4547 6572 6725 6746 7761 7834 8257 8344 8472 9791 9834
30 165 1309 1338 2038 2154 2342 2430 2562 2583 3176 3346 3525 3590 4608 4653 4689 4840 5814 5973 6006 6261 6339 6943 7092 7345 7628 8872 8958 9410 9663
18 781 1172 1183 1557 1910 2108 2209 2223 2420 3125 3574 6064 6578 7056 7426 7556 8978 9472
27 462 808 1374 1637 1735 1744 3128 3303 3738 4669 4746 4959 4989 5635 5889 6136 6226 6252 6451 6534 6870 7258 7789 8123 8410 8672 9754
18 126 421 1571 1928 2242 2571 3062 3365 4376 4622 5212 6504 7591 7692 8001 8293 9185 9958
24 51 77 749 920 1058 1238 1613 1661 2948 3216 3237 3473 3927 4165 4201 4417 4430 5793 6063 6560 7233 7270 8204 8548
16 582 1641 1912 4026 4466 4664 5242 5660 6616 6953 7055 7087 7372 7810 8039 9554
27 613 639 892 931 1073 1398 1455 1751 2495 2649 2779 4497 5607 5841 6029 6508 6815 7314 8133 9005 9436 9547 9745 9839 9846 9939 9946
27 204 240 491 919 1101 1456 1468 1868 1925 3485 4495 4742 4857 4985 5137 5573 5780 5899 6232 6483 6563 6960 7160 7559 8601 9239 9655
27 182 212 756 913 1165 1281 1599 1829 2672 2924 2981 3204 3877 4482 5078 6076 6391 7033 7636 7705 7820 7919 8050 8117 8250 8780 9226
26 137 717 1053 1825 2333 2625 4188 4350 4916 5011 5364 5785 5856 6144 6241 6813 6903 6984 7262 7462 7989 8236 8496 9216 9292 9662
26 1170 1218 1417 1606 1814 2009 2371 2771 2828 3041 3407 3445 3991 4281 4633 5682 5718 5766 6135 6910 7018 7802 8271 8483 8883 8959
26 721 962 1002 2227 2398 2422 2861 2907 2928 3275 4176 4651 5617 6468 6471 6599 7023 7954 8449 8668 8702 8949 9320 9343 9543 9722
24 205 722 1007 1278 1921 2071 2448 2920 3254 3943 5670 5886 5962 6253 7423 7450 7572 7792 7850 8417 8879 9505 9574 9999
22 44 206 231 488 560 1253 2040 2102 2822 3488 4205 5591 5981 6801 7711 8211 8714 8779 8787 8924 9631 9970
18 107 1262 2059 2356 2881 4282 5201 5374 5763 5920 5953 6456 6462 6803 7583 9014 9499 9537
19 402 500 1060 1067 1646 1964 1989 4321 4480 4919 6797 6998 7108 7117 7203 7963 8222 9905 9938
32 120 1960 2261 2501 3327 3518 3602 3887 4180 4424 4704 4842 5338 5433 5475 5545 5575 5695 6107 6323 6489 6657 6827 7125 7382 7451 7650 7970 8314 8432 8992 9857
21 22 480 816 1064 1247 1255 1276 2143 2388 2491 5857 6217 6321 6693 7123 7686 8146 8687 8742 9089 9433
22 194 338 2679 2979 3245 3717 4325 4629 5473 5565 5867 6329 7021 7027 7501 7861 7909 8202 8491 9338 9348 9714
32 391 439 624 824 967 975 1515 1623 1766 2101 2288 2811 3066 3333 4614 5043 5239 5492 5498 6230 6551 7138 7787 7987 8096 8233 8287 8618 8968 9595 9596 9899
20 754 886 2001 2399 2592 2623 2694 2772 2897 3164 3258 3825 3901 5529 5662 5761 7504 7706 8515 9331
21 293 739 1491 1840 2172 2285 3603 4156 4167 4686 4691 4975 6013 6291 6838 7952 8065 8501 9401 9526 9817
24 201 299 518 641 770 1257 1470 3548 3715 4041 4287 4581 5522 5666 6048 6104 6808 7769 7855 8861 8985 9300 9413 9604
30 273 939 974 1029 1776 2218 2775 3742 3933 4151 4724 4881 5357 5546 5566 5837 6079 6593 6885 6930 7136 7211 7446 7562 8444 8569 9012 9182 9559 9875
29 470 748 918 929 1385 1934 3021 3422 3567 3985 4185 4445 4535 4538 4584 5126 5153 5568 6224 6433 6535 6626 6982 7295 7957 8188 8331 8865 8902
24 695 891 1891 2320 2353 2443 2587 2673 3016 3096 3121 3699 4235 4758 4770 5022 5202 7734 8429 8489 8918 8950 8998 9056
24 1219 2128 2181 2401 2632 3384 3689 4168 4778 5104 5191 5928 6001 6184 6325 6933 7142 7316 8195 8251 8596 8617 9133 9188
27 430 1013 1631 2052 2066 2266 3269 4101 4183 4356 4406 4624 5041 5265 5351 6187 6658 7064 7115 7465 7478 8163 8372 8794 9439 9715 9880
19 115 1333 1731 2070 2812 3397 3465 3838 4025 5182 6205 6783 6959 7595 9222 9337 9365 9635 9837
33 80 119 1221 1277 2240 2541 2553 2573 2637 2769 2866 2960 3152 3342 3655 4194 4475 4645 4999 5186 5300 5391 5795 5977 6301 6818 6908 8223 9000 9854 9887 9909 9982
33 50 1087 1102 1196 1550 2294 2662 2732 2751 2909 2940 2967 3431 3858 4713 4887 4983 5173 5190 5590 5687 5727 6020 6263 6372 6909 6913 7184 7710 7762 8833 9212 9633
16 1112 1593 1675 2058 2711 2943 3312 4835 4998 5310 5586 5881 6491 7474 8419 9977
22 136 376 876 1146 1254 1784 2298 2481 3252 3536 3657 4384 4949 5619 6115 6538 6802 7716 8946 9551 9590 9848
25 241 787 1555 1560 2457 2493 2603 3032 3181 3676 3922 4408 4873 5213 6000 6130 7637 7947 7971 8009 8205 8263 8823 9201 9446
41 85 495 957 1463 1837 2186 2325 2329 2440 2745 3117 3175 3660 4196 4399 4519 4733 4820 4932 5223 5306 5626 5851 6334 6396 6670 6931 7179 7240 7281 7480 7785 7876 8114 8138 8370 8400 8692 8929 9192 9373
21 653 805 1517 1552 1966 3283 3778 4264 4516 5491 5563 6375 6962 7088 7152 7387 8646 8720 9024 9194 9826
32 426 799 1243 1544 1864 1923 2025 2449 2454 2683 3189 3293 3718 3780 3872 4644 4874 4889 6434 7335 7614 8647 8657 8684 8812 9128 9290 9380 9386 9412 9824 9842
26 362 494 599 848 906 1114 1845 1907 2377 2845 3539 3745 3866 4845 4897 4933 6018 6690 6744 6848 7120 8032 8237 8703 9627 9963
20 874 1647 1717 1827 2596 3773 4760 4769 4976 5144 5668 5969 7682 7929 8020 8425 8834 9200 9549 9719
20 345 846 1076 1640 2145 2450 2503 3888 4316 4699 4717 5424 5760 6228 6441 7833 7938 8738 8824 9769
19 356 1521 2549 2572 3313 3565 3691 3906 4396 4551 4666 5959 6752 7854 8710 9243 9383 9622 9855
23 160 758 1017 1614 2800 3412 3687 3979 4006 4144 4454 4683 4894 5478 5503 5767 6733 7447 8795 9196 9385 9405 9435
28 324 828 1095 1454 2125 2416 2750 2804 3262 3440 3476 3757 3772 3924 4560 4593 5057 6834 6995 7745 7772 8318 8448 8572 8713 8854 9072 9876
24 58 193 219 403 686 2891 2944 3836 3900 4431 4862 5549 5769 5800 6736 7343 7390 7587 7603 8391 8652 8682 9584 9720
28 66 197 926 1242 2106 2558 2606 2936 3429 3575 3686 4219 4559 5454 5589 5805 6116 6499 6821 7096 7739 7759 8455 8527 8642 9101 9181 9557
16 302 868 1252 1305 1970 3124 3297 3647 3698 4308 4692 4738 5018 5317 6473 9360
22 79 976 1364 1833 1908 2351 3147 3441 4791 5193 5696 5823 6328 6331 6492 6681 7122 7411 7935 7958 9027 9530
29 389 627 1159 1313 2135 2177 3158 3294 3673 4265 4298 4810 5493 6215 6623 6627 6749 6898 6948 6993 7814 8030 8830 8886 9173 9302 9366 9669 9838
30 39 300 556 579 809 893 1198 1534 1553 1876 2507 2878 2974 3042 4312 4594 5235 5313 5692 5833 6040 6918 7581 7625 7893 7980 8085 8430 8676 9160
22 225 290 942 2259 2418 2555 2805 2905 3099 3749 4203 4640 5054 5110 5734 6614 7058 8584 8585 9447 9470 9872
29 220 448 612 673 954 1287 1472 2283 2644 2781 3243 3280 3849 5128 5241 5383 5540 5579 5931 6198 6646 6672 7367 7926 8213 8225 8671 9354 9510
27 106 263 530 1032 1050 1193 1559 1701 2011 2580 3628 3654 3663 3964 4420 4567 5146 5460 5830 6070 6673 7328 7491 7866 8158 8166 9046
28 472 620 1328 1416 1780 2372 2421 3447 3919 4491 4632 4681 4827 5005 5030 5328 5359 5560 5595 6240 6496 6671 6730 6784 7048 8622 9071 9217
25 358 830 1123 1467 1493 1753 2584 2728 2790 2852 3008 3371 3896 5012 5418 5609 5799 6117 6225 7397 8765 8885 9120 9261 9733
24 54 86 888 1129 2065 2927 3122 3685 3784 3918 4061 4326 4539 4846 5134 5632 5986 6703 7153 7823 8235 9036 9639 9789
26 195 1447 2557 2704 2776 2782 3089 3264 3435 4092 4143 4663 4680 4708 4909 5051 5593 6373 7044 8288 8860 8969 9112 9340 9399 9630
34 82 110 138 533 656 677 999 1046 1098 1380 1997 2023 2542 2902 3359 3423 3427 3439 4302 4596 4655 4737 4797 5017 5768 7690 7701 7731 7916 8756 9086 9148 9250 9971
31 16 108 865 964 1044 1203 1443 1749 1941 2814 2906 2963 3594 4129 4509 5159 5480 5702 5708 6661 7407 7432 7577 7874 8508 8658 8837 9135 9219 9692 9996
31 796 1031 1694 1787 2060 2504 2595 2926 2956 3027 3073 3433 3566 3569 3651 3819 4189 4693 5037 5410 5441 5465 5725 6374 6556 6686 6837 7025 7588 8709 8754
18 114 412 968 1079 1225 1379 2176 2217 2328 3150 3893 4579 4801 6307 7009 7344 7510 7534
28 43 243 1210 1432 1642 1677 1959 2029 2195 2931 3468 3500 3693 4175 4674 5279 5611 7089 7128 7349 7779 7983 8095 8215 8655 8792 9336 9580
16 761 2394 2652 2953 3191 3307 3386 3656 6089 6494 6811 7331 7977 8587 8767 9597
28 35 242 297 638 1348 2031 2211 3054 3102 3288 3895 4148 4204 4358 4781 4966 5155 5554 5572 5710 6003 6074 6152 6361 8003 9108 9176 9214
21 387 608 1167 2396 2674 2767 2873 3391 4513 5248 5319 5341 6238 6976 7177 7268 8416 8665 9132 9263 9709
28 328 401 663 690 853 960 1518 2036 2973 4082 4570 4634 4843 5399 5655 6242 6587 6861 7124 7244 7363 7437 8452 8608 8805 9059 9396 9545
20 46 1604 2020 2681 3591 3982 4299 4915 5114 5140 5234 5278 5988 6097 6343 6585 7216 9138 9561 9649
18 384 666 1250 1441 1562 1797 2109 2576 3074 4583 4799 4900 7329 7436 8602 9083 9465 9951
20 68 333 512 3115 3446 4291 4363 5014 5849 6134 6355 6978 7251 7933 8196 8685 8800 9288 9936 9944
15 181 1018 1747 1818 2826 5077 5276 5788 5855 6085 6214 7174 7334 7537 8365
24 658 723 980 1051 1274 1280 1495 2008 2226 2774 2917 3005 3211 3218 3436 3744 4184 5112 5368 6114 6286 6747 8840 9018
14 2081 2545 3193 4190 4565 5678 5723 5914 6490 6517 6528 6748 8540 9400
33 779 1048 1512 1537 1629 1984 2151 2185 2695 2755 2838 3050 3097 3277 3415 3945 4060 4402 4749 4768 5333 6615 7054 7166 7872 7898 8423 8466 8808 8908 8948 9298 9657
25 57 955 1019 1439 1884 2282 2376 2665 2742 2792 3381 3526 3601 3613 3732 4580 4642 5633 6183 6193 6272 6944 8424 9392 9502
20 561 981 1075 2350 3350 3408 3541 3646 3892 4447 4572 5274 6108 6712 6829 7159 8270 8547 8648 9476
18 398 454 667 720 1729 1768 3678 3835 3960 4330 4657 5020 6929 8105 8528 8530 8813 8926
28 28 369 535 711 1426 2678 2717 2799 3340 3421 3516 3556 3625 3680 3694 4027 4461 5139 5456 6719 6881 7001 7274 7610 7836 9015 9822 9967
25 350 395 1169 1835 1856 2013 2142 2911 2919 3002 3380 3609 3859 4592 6002 6423 6996 7366 7661 7840 8339 8600 8927 8984 9689
31 589 696 904 1208 1215 1334 1392 1452 1480 1510 1713 1765 2302 3129 3710 4378 4743 5927 6149 6308 6324 7074 7409 7444 7651 7746 8309 8420 8936 9062 9427
26 909 2243 2344 2551 2823 3093 3316 3564 3730 3785 4369 4426 5049 5281 5488 5915 6186 6397 6951 8100 8262 8405 8413 9171 9215 9792
20 647 973 1191 1330 1361 2105 2990 3154 3800 5641 6458 6899 7585 7719 8081 8555 8706 8743 9028 9612
28 70 509 804 1421 1590 2201 2241 2706 2859 3426 3505 3944 4336 4486 4502 5151 5204 6080 6824 7213 7254 7414 7565 7742 8526 8832 9073 9274
34 540 591 792 1265 1275 1297 1412 2027 2300 2380 2718 3056 3199 3533 3776 3809 4177 4198 4635 5189 5263 6087 6559 6660 6985 8275 8285 8542 9068 9130 9460 9462 9697 9894
22 441 477 503 1045 1096 2744 2856 3406 3786 5343 5614 5954 6243 6711 6850 7741 8227 8337 8807 9142 9248 9976
25 514 538 650 1220 1475 1774 2141 2192 2366 3017 3639 3798 5348 5970 6083 6295 7634 7662 8064 8160 8290 8636 9247 9614 9934
36 146 163 186 236 284 712 1595 1758 2007 2041 2265 2513 2550 2708 2765 2922 3007 3082 3083 3553 4337 4555 4767 5385 6289 6822 7168 7336 7381 7564 8323 8595 9143 9276 9641 9761
27 229 254 316 1127 1554 1846 2110 2735 3242 3973 3974 4153 5230 5925 6237 6387 6417 6424 6639 6866 7207 7322 7412 8619 8635 8730 9784
34 378 527 755 998 1108 1351 1473 1586 1587 1693 2083 2904 3052 3107 3902 4173 4249 4437 4750 4958 5236 5581 5706 5912 6741 6902 7605 7679 7708 7918 8194 8520 9579 9879
21 337 1239 1546 2646 2740 3229 4039 4285 4720 5312 6028 6157 6768 6859 7202 7290 7608 8763 8923 9278 9428
22 373 549 1231 1991 2511 3132 3203 3642 3682 3995 4242 4808 5032 5167 7717 8077 8132 8299 9035 9254 9318 9961
20 680 1778 1897 2655 2680 4375 5264 5707 5817 5997 6273 6851 7353 8333 8460 8746 9010 9258 9434 9981
29 187 718 2134 2502 2597 2712 2833 3588 3616 4079 4890 5052 6065 6096 6203 6680 6694 6786 6947 7154 7304 7897 8004 8019 8135 8441 8777 9325 9768
29 258 404 425 498 563 689 922 1695 1872 2030 2622 3105 3182 3932 4035 4294 4478 5004 5228 5648 5715 5985 7311 7791 8170 8286 8403 8971 9451
28 380 1425 2140 2668 2686 2784 3248 3761 3792 3984 4191 5440 5495 5679 5904 6084 6780 7137 7185 7208 7438 7707 8260 8661 8892 9021 9381 9636
34 185 216 431 894 1435 1662 1902 2063 2187 2281 2374 2937 3018 3734 4045 4147 4457 4923 5379 5470 5845 6060 6358 6536 6846 7059 7360 7479 7749 8677 8973 9242 9397 9949
33 122 250 354 414 715 829 1124 1418 1651 2049 2478 4371 4501 4526 4620 4884 4905 5055 5452 5729 6050 6344 6351 6425 6876 7093 7643 8577 8801 8866 9049 9353 9829
28 170 440 1030 2048 2210 2301 2730 3165 3212 3469 3802 4362 4413 4952 5622 5955 6266 6721 6812 6833 7045 7652 8319 8505 8535 8604 9382 9575
13 230 418 643 671 2316 3631 3787 4604 5887 6873 8327 8734 8904
30 5 71 381 732 852 902 1085 1851 2126 2633 3020 3315 3598 3817 3956 4195 4504 5072 5161 5993 7257 7631 8036 8080 8362 8550 8996 9060 9463 9628
20 188 583 1859 2705 3184 3336 3666 3929 4225 4273 5120 5798 6038 6246 7296 8412 8581 8893 9293 9654
20 584 694 1027 1402 1849 2397 2865 3532 4893 5073 5431 5735 6416 6581 6973 7095 7566 8089 8279 8492
24 965 1820 2122 2188 2237 2322 2514 2635 2699 3160 3847 4260 5031 5210 5747 6145 6212 6264 7780 8087 8691 8928 9317 9469
27 175 515 788 903 907 945 2264 4455 5021 5170 5349 5815 6088 6745 6807 7105 7620 8058 8298 8440 8736 8820 9030 9323 9613 9809 9902
18 670 1139 1273 2615 2773 3703 4023 5331 5980 6633 6674 7822 7827 8033 8686 9094 9417 9681
28 133 1021 1389 1638 2147 2168 2543 2785 2914 3190 3709 3963 5180 5916 6169 6415 6588 7204 7275 7288 7914 8210 8603 9203 9326 9482 9538 9607
17 388 979 1520 1644 1690 3194 3432 4977 5956 6366 6532 6555 6667 6759 9676 9735 9866
32 600 988 1014 1097 1633 1746 1939 2451 2499 2721 2947 2975 3010 3674 4263 4476 5596 5716 5757 6774 6839 7169 7875 8357 8456 8614 8650 8731 8868 9363 9528 9647
22 41 87 2234 2268 2667 3130 3980 4105 4888 5266 5303 5858 6100 7165 7196 8054 8301 8450 8605 8853 8935 9750
25 25 1023 1180 1181 2609 3482 4138 4803 4839 4956 5297 5373 5474 5543 6216 6318 6501 6647 6793 6932 7668 7798 8207 9778 9906
18 363 585 1066 2355 2798 3356 3930 4255 5649 6138 6385 6466 6800 7031 7191 8867 9091 9698
30 736 1187 1349 1365 1685 1863 2795 2864 3334 3617 3737 4251 4366 4389 4607 4684 4971 4988 5015 5580 5764 6005 6275 6600 6997 7524 7630 8291 8461 9886
26 100 691 969 972 1286 1358 1958 2162 2184 2251 3026 3398 3607 3891 5631 6663 6669 6705 7051 7100 7285 7790 8248 8482 8752 9275
22 1182 2378 2527 2579 3733 3739 4595 5517 5564 5689 5838 6575 7494 7775 8010 8510 8753 9114 9371 9694 9827 9935
25 198 1065 1410 1477 1611 1756 1889 1896 2409 3480 3507 4907 4962 5138 6260 7010 7267 7282 8281 8406 8447 9309 9751 9793 9929
24 78 228 232 636 742 1442 1877 2124 2629 2806 2837 3033 3899 4438 4459 5109 5352 6381 7428 7468 7843 7889 9231 9306
27 141 311 551 1022 1630 2382 2933 3341 3363 3492 3509 3695 3721 3810 4163 4488 4783 4867 6014 6389 7326 7607 7922 8122 8272 8615 9098
28 244 447 772 1142 1318 1386 1401 1485 1874 1945 2262 2437 3268 3301 4365 4540 4832 4910 6317 6465 7119 7506 7546 8200 8451 8922 8944 9522
35 340 559 572 1284 1350 1366 1900 2178 2510 3202 3470 3670 3688 3812 4193 4207 4474 4752 5095 5096 6147 6303 6732 6869 7078 7150 7904 8068 8229 8340 8402 8582 8621 8773 9800
23 278 935 1411 2047 2318 2484 2743 2972 3057 3382 3716 3923 4000 4405 4755 6911 7012 7801 8846 8993 9075 9339 9950
22 361 657 1256 1506 1671 2424 2470 4456 5106 5389 5792 6207 6764 7151 7222 7695 8028 8689 9058 9232 9516 9787
23 59 1001 1459 1526 1752 2412 2794 3142 3413 4927 4986 5758 5933 6402 7090 7271 7365 8266 8988 9206 9788 9918 9943
28 270 367 744 1120 1327 1880 1946 2689 3177 3668 3998 4012 5477 6031 6034 6547 6652 7161 7319 7420 7878 7973 7976 8226 8578 9395 9570 9603
29 184 580 794 890 1217 1316 1569 2203 3113 3795 4968 5179 5455 5506 5661 5775 5865 5923 6035 6235 6410 6632 7301 7675 7932 8559 8882 9137 9804
17 91 139 417 826 1107 1325 2067 3261 3323 5006 5117 6093 6643 7485 7740 8610 9831
21 537 669 1531 2115 2324 2467 2471 3267 3595 4471 4780 5384 5392 5911 6928 6946 7663 8034 8072 8198 9652
29 76 271 280 882 1310 1608 1879 2016 3139 4227 4390 4992 5370 5597 5636 6853 7000 7509 7825 7832 7965 8900 8931 9074 9105 9119 9643 9724 9776
23 255 444 565 702 1235 1382 1967 2169 2309 4007 4181 4530 4990 5290 6044 8025 8137 8216 8598 8784 8822 9509 9589
27 524 801 1057 1567 1707 2362 2367 3308 3848 4049 4700 4766 4771 4869 4875 5398 5511 5659 6428 7454 7829 7841 8155 9029 9308 9387 9573
22 64 321 485 1885 2019 2096 2152 2512 2563 3058 3127 4011 4712 5145 7660 7683 8056 8102 8136 8594 9134 9807
18 1175 1650 1760 2616 3292 5615 5947 6421 6739 6810 6977 7046 7673 7847 8206 8497 8507 9742
20 69 92 245 343 570 1448 3172 4256 5318 6078 6886 7183 7374 7621 8368 8869 8890 8999 9295 9752
26 21 342 618 984 1936 2155 2159 2248 2670 3256 3410 3664 3934 4494 5653 5658 5943 5999 6537 7111 7670 7924 8075 9644 9755 9851
21 239 1136 1204 1842 3568 3856 3954 4892 4918 4946 5430 5901 6265 6577 7998 8292 8580 8751 9329 9560 9740
31 347 679 688 1078 1478 1898 2724 2821 2950 3555 4010 4078 4837 5216 5890 5945 6312 6393 6904 7392 8254 8354 8414 8457 8564 8589 8991 9013 9218 9372 9493
20 289 737 789 1525 2093 2468 4033 4585 4822 5087 5922 5992 6124 6515 8021 8375 8418 8845 9016 9718
21 215 625 777 814 1620 2129 3167 3939 4865 5818 6081 6685 6714 7066 7278 7309 8380 9070 9416 9512 9933
23 9 109 517 545 594 3506 3855 3993 4054 4354 4996 5826 6548 6845 6934 6990 7425 8201 8506 8625 8810 8835 9319
27 842 953 989 1395 1918 1926 2061 2091 2287 2304 2818 2901 3038 3281 3576 3726 4211 4883 5294 5939 6127 7022 7106 7249 7658 9585 9721
36 135 217 654 678 785 1414 1542 1848 1852 2295 2601 2844 3040 3103 3508 3545 3937 4382 4531 4652 5181 6180 6254 6262 6378 6629 7519 7766 7969 8091 8639 8880 9097 9534 9937 9975
27 386 466 1263 1345 1507 1714 1806 2305 2400 2427 2447 3347 3542 3679 3959 5515 5773 6281 7034 7452 7567 7831 8487 8776 8942 9367 9562
23 610 948 1009 1111 1962 2042 2284 2565 2707 2934 2988 3328 3374 3604 4833 5574 6315 6369 8017 8083 8156 8775 9335
31 332 588 905 986 1056 1188 1259 1754 2385 2702 4605 4899 5446 5754 5868 6022 6137 6340 6447 7210 8015 8376 8670 8951 9057 9167 9179 9370 9389 9625 9832
24 60 277 469 682 1582 1796 2123 2445 2598 4533 4776 5299 5494 5592 5762 6068 6098 7659 7873 8230 8476 9082 9284 9835
21 272 407 1663 2003 2074 2103 2326 2456 2958 3612 3844 4648 4707 4880 4939 4961 6298 6368 6635 8599 9312
21 553 575 944 994 1293 1464 1785 3224 3510 3758 3815 4259 4429 5090 6335 7189 7394 7512 7886 8757 9244
24 566 771 1502 1540 2005 2204 2214 2224 2347 2840 3075 3472 3502 4234 5256 5801 6111 6409 6697 6842 6887 7526 8264 8827
28 330 394 413 1343 1368 1527 1708 1867 1870 1882 2118 2727 2998 3047 3087 3456 3581 4043 4903 5219 5909 6454 6954 7013 7870 8265 9333 9763
23 793 878 1141 1706 3098 3228 3272 3304 4171 4817 4974 5127 5606 5846 5871 6888 7355 7520 7795 8121 9204 9478 9760
28 1047 1951 2607 2714 2809 3059 3205 3626 4208 4328 4331 4662 4763 5577 6386 6539 6775 7042 7101 7574 7978 8111 8164 8242 8283 8826 8895 9272
26 513 623 911 2612 2768 3611 4107 4268 4625 4714 6016 6142 6304 6357 6630 6773 7794 7994 8115 8153 8178 8640 9042 9246 9377 9455
20 98 652 1799 1929 1965 2064 2208 3120 3221 3444 3501 4500 5876 6156 6644 7677 8093 8353 8707 9165
29 1158 1508 1692 1724 2269 2317 2939 3019 3247 3279 3711 3946 4401 4762 4981 5042 5311 5350 5781 6148 6642 7061 7080 7442 7529 7992 8875 9208 9997
27 306 405 728 1184 1292 1500 1681 1794 2307 3230 3728 3805 3990 3996 4133 4276 4698 4891 4921 5471 5553 6825 6949 7406 7709 8761 8841
27 687 1069 1089 1653 1782 1976 2533 3060 3318 3791 4048 4573 4612 4912 5195 5420 5665 5705 6326 6404 6738 7666 9498 9531 9696 9739 9910
24 36 706 2165 2621 2722 3065 3314 4145 4359 5585 5690 6075 6353 6966 7032 7466 8623 8836 8933 9025 9146 9225 9342 9729
23 177 467 489 914 1026 1387 2012 2987 3783 3789 4202 4381 6219 6360 6806 8149 8367 8485 8766 9271 9487 9564 9611
22 265 1679 1792 2569 2611 2619 2645 3471 3624 3911 4518 5208 6171 6533 7209 7338 8781 8842 9324 9368 9404 9890
23 256 435 881 1961 2017 3420 4701 4872 5174 5390 5720 6154 6352 6583 6624 6986 7342 7645 8554 8848 9238 9928 9968
31 601 734 847 987 1160 1490 1906 1969 2764 3483 3538 3658 3729 3771 4346 5467 6206 6296 6302 6480 6937 7073 7393 7722 8142 8531 9384 9485 9511 9529 9830
25 37 451 659 1437 1462 2458 2650 3683 3867 4058 4367 4795 5075 5327 5627 6178 6211 6914 7206 7248 7324 7611 8106 9267 9738
24 927 1272 1953 2037 2349 2432 2479 2614 2666 2791 2938 3131 3148 4498 4730 4786 4816 5613 6072 6189 6349 8566 9609 9840
14 505 849 1429 1541 2202 2428 5669 6737 7540 7629 8212 8549 8575 8937
24 626 692 786 1980 2072 2276 2446 3000 3355 4073 4152 4403 4731 5983 6479 6689 6716 7826 8360 8422 8749 9235 9577 9940
24 1360 1727 2073 3094 3179 3845 4102 4792 5023 5060 5296 6054 6182 6677 6758 6787 7069 7456 7609 8252 9040 9448 9540 9680
33 377 997 1125 1177 1551 1598 1986 2230 2297 2299 2408 2758 2829 2874 2955 3197 3260 4150 4217 4436 4507 5166 5292 5693 5787 5979 6287 7126 7817 8479 9004 9079 9896
21 371 547 1223 2077 2275 3886 4247 4506 4732 4854 4930 5304 5949 6394 6604 7173 7219 7224 8335 8990 9796
17 521 1149 1153 1666 2231 2903 2932 3920 4564 5048 5178 5644 6463 6619 7434 8177 9266
30 897 1703 1992 2406 2578 2643 2872 3029 3080 3644 3808 3878 4009 4209 4558 4886 5168 5250 5324 5544 6113 7004 7887 7942 8172 8568 8579 8977 9486 9995
22 859 883 2131 2163 2610 2965 3153 3650 3958 3992 4210 5076 5221 5551 5616 6194 6935 7693 8817 9301 9330 9945
26 116 315 449 880 982 1133 1422 1981 2433 2669 3276 3790 4104 4270 4562 4702 4772 4848 5870 6706 7357 8653 9087 9140 9255 9706
29 567 1195 1363 1556 1574 1857 2100 2267 2508 2537 2638 4348 4414 4682 4690 5171 5569 5996 6112 6128 6875 7118 7134 7553 7576 8529 8771 8856 9683
17 266 522 1269 2698 3180 3692 4243 5211 5375 5934 5995 6380 7197 8168 8197 8278 9667
22 131 637 1738 1834 2482 2566 3828 4610 4851 4871 5225 5485 6177 6541 6715 6799 7017 7851 8307 8313 8708 8737
30 168 684 767 887 1157 1489 1539 1665 1745 2552 3071 3106 3298 4262 4510 4589 4809 4879 5029 5321 6027 6170 6202 6294 6883 7294 8790 8920 9296 9693
19 74 372 433 635 1174 1200 1643 1682 2173 2548 3101 3633 5199 5414 5417 7082 7215 7656 7765
25 12 209 213 249 1668 1769 2976 3417 4964 5360 5753 5975 5987 6167 6540 6573 7028 7131 7253 7781 8108 8552 8940 9157 9867
29 169 292 399 750 1576 1743 2099 2640 2701 2954 3100 3978 4044 4525 5207 5396 5535 5550 5712 7077 7318 7535 7862 8060 8062 8099 8688 9466 9913
17 1645 2337 2620 3110 3187 3880 4490 4852 6574 6785 6849 8057 8782 8818 9123 9166 9515
29 674 1270 1973 2197 2244 2581 2627 2762 3064 3077 3162 3220 3253 3321 4385 5458 5489 5588 5637 5726 5941 5967 7368 7528 7664 8332 8939 9277 9883
27 226 279 1151 1568 1881 2111 2339 3214 3497 3972 4258 4440 4740 5532 5844 5859 6790 6889 7726 8190 8983 9344 9578 9581 9847 9907 9972
24 104 649 1436 1498 2996 3011 3208 3554 5288 5314 5527 5704 5803 6036 6288 6852 6901 7121 7507 8308 8399 8699 8962 9458
24 571 763 1612 1905 2588 2593 2836 3222 3393 3491 3546 3883 4280 4364 5283 5307 5423 5514 6804 6865 7449 7617 8189 9892
24 282 1016 1061 1213 1245 1504 1667 1915 2161 3404 3928 4464 4739 5039 5608 5646 5673 5869 5938 6778 8521 8537 8964 9398
23 261 501 609 1081 1109 2232 2628 2846 3889 4349 4492 4849 4972 5097 5770 5898 6069 7235 7332 8047 8509 9162 9781
19 482 1211 1404 2334 3589 4064 4162 4290 4798 5713 5994 6153 6220 8336 8586 8726 9044 9684 9685
22 7 810 1340 1474 1722 2591 2886 3143 3223 3240 3403 3582 5330 6772 7135 7237 7571 7754 8747 8803 8957 9375
32 127 564 831 834 1202 1469 1949 2340 2696 3013 3173 3329 3665 3714 3722 5332 5605 5895 5908 5918 5957 6731 7330 7549 7678 7949 8055 8434 8673 8721 9017 9594
25 295 1035 2257 2738 3451 3968 4005 4267 5044 5326 5443 5748 6255 6420 7195 7508 7513 7776 8090 8386 8669 8989 9019 9260 9592
32 95 224 475 532 866 1322 1378 1971 1990 2429 2796 3174 3310 3586 4355 4443 4813 4836 5148 5259 5262 5386 5505 5587 6017 6457 7579 8351 8698 9085 9702 9965
25 701 800 832 1214 1444 2531 2868 3338 3747 3823 3890 3910 4327 4970 5034 6602 6999 7433 7816 8046 8112 8364 9221 9449 9544
19 1236 1698 2327 2384 2402 2984 3168 3320 3868 3875 5794 5982 6151 6740 8042 8474 9076 9127 9987
31 90 308 548 1636 1686 1761 1764 2191 2381 2849 3662 3873 4051 4626 5426 5450 5789 5807 6382 6543 6777 6830 7041 7255 7259 7362 7896 7990 8317 9314 9359
31 370 798 917 1003 1721 1822 2116 2148 2370 2519 3053 3562 3563 4017 4577 4868 4993 5026 6472 7339 7383 7391 7410 8162 8551 8943 9444 9500 9520 9591 9893
19 780 1913 1940 1982 2133 3119 3549 3690 3708 4823 5218 7283 7354 7533 7647 7715 7778 9103 9406
24 151 423 1558 1811 1843 2219 2330 2734 3079 4013 4158 4668 5082 5674 5732 5733 6280 7147 7729 8018 8048 8680 8896 9606
27 2 31 815 1332 1431 1483 1639 1808 3146 3186 3246 3551 3988 4135 4313 4395 4517 4672 5289 5479 6704 7563 7616 7923 8439 8629 9328
23 65 526 611 642 1164 1687 1894 2369 2964 3051 5380 5541 5676 5685 6008 6608 7035 8321 8377 9163 9307 9327 9960
22 392 735 1207 1306 1801 2233 2817 3632 4001 4099 4154 5133 5961 6521 6542 7030 7256 7464 7783 8073 8954 9033
22 159 668 1750 2200 2599 3517 3806 4450 4623 5085 5483 5499 5504 6109 6257 7148 7228 7459 8438 8891 9843 9941
27 443 724 757 1103 2564 2753 2876 3037 3195 3619 4029 4552 4850 4917 5238 5472 5576 6475 6699 7964 8061 8723 8987 9424 9481 9743 9952
18 502 995 1194 1264 1362 1589 2916 3324 3981 4021 4233 4954 5776 6173 6414 8120 9158 9536
21 38 573 991 1008 1049 1147 1585 1626 2315 2379 2492 2899 5282 5406 5683 5786 5944 7081 7906 8502 9454
19 603 949 1438 1886 1919 2505 2657 3369 3833 4412 4864 4878 7953 8343 8718 9291 9555 9877 9878
24 3 519 2413 2425 2778 2985 3285 3487 3573 3975 5074 5639 6057 6347 6552 7011 7475 7917 8171 8679 8809 9660 9756 9973
28 390 496 727 873 924 1006 1658 2925 3133 3442 3813 4038 4086 4119 4343 4790 4913 5118 5724 5892 6163 6871 7015 7720 8560 8816 9369 9659
18 1519 1920 2032 2182 3155 4658 5268 5337 5791 6227 7247 8125 8544 8545 8778 9048 9675 9923
31 129 773 1449 1583 1609 1673 2726 3063 3299 3330 3494 3596 4019 4125 4317 4544 4554 5421 5512 5643 5885 6544 6987 7548 8157 8728 9299 9741 9780 9948 9955
20 42 424 607 1298 1529 2130 3036 3339 3367 4057 4774 4950 6570 6597 6782 6891 7327 7959 8722 8913
29 13 210 351 574 843 1138 1168 1450 2475 2780 2949 3712 4070 4142 4661 5381 5486 5893 5936 6603 6955 7395 7514 7758 8167 8463 8932 9136 9891
30 53 72 257 476 709 1173 1331 1618 1624 1850 2255 2496 3044 3169 5411 5427 5671 5681 6010 6024 6439 6726 6742 6938 7245 8234 8750 9223 9474 9542
35 45 1224 1228 1324 1337 1390 1824 1927 2290 2725 2756 2892 3361 3495 3615 3796 4069 4372 4721 4756 4938 6176 6231 6285 6500 6582 6858 6896 7499 7599 8006 8296 9183 9664 9864
34 196 410 1197 1689 1725 1733 2097 2228 2546 2971 3799 3977 4257 4284 4342 4718 4775 4838 5165 5567 5750 6327 6698 6710 6855 6925 7586 8107 8454 8480 8484 9007 9452 9921
25 268 493 1249 2466 2516 2752 3025 3302 3443 3478 4505 5436 5537 5603 5778 6158 6269 6460 7680 7728 8084 8209 8819 8859 9626
26 331 784 803 2292 2389 2530 3479 3834 4650 4715 5269 5447 5524 5570 5711 6012 6270 6403 6550 6692 6760 7871 8315 8576 9149 9898
33 294 416 862 1314 1511 1740 1855 2308 2525 3048 3078 4030 4032 4295 4694 4973 5132 5451 5878 6195 6292 6388 6664 6917 6965 7622 7807 8041 8247 8741 8857 8941 9678
22 1040 1655 2373 2703 2788 2802 3030 3236 4031 5019 5243 6196 6438 6820 6877 7130 7140 7141 7764 9240 9442 9521
18 1162 1994 2534 2857 2918 4757 4895 5254 5663 6359 7109 7167 7521 7642 7951 8662 9152 9438
28 740 1522 1684 1810 2006 3274 3467 3524 4166 4220 4549 5513 5557 5624 6025 6546 6617 7264 7308 8276 8524 8659 9023 9050 9124 9256 9671 9895
29 1326 1759 2273 2532 2989 3134 3475 4631 5267 5469 5508 6091 6601 6645 6654 6713 7114 7300 7737 7755 7837 8534 8563 8725 8806 8850 9294 9668 9849
22 836 1460 1688 1996 2348 2453 2589 2787 2969 4511 5220 6345 6399 6571 6637 7246 7298 7960 8638 8828 9616 9988
27 1015 1501 1603 1804 3400 3762 3764 3843 3857 3874 3942 3951 4926 5035 5429 5742 5883 6495 6566 6709 7297 7371 7738 7828 7979 8468 9159
32 75 167 176 344 400 562 2056 2554 3046 3438 4008 4246 4271 4318 5175 5840 5960 6049 6524 6727 7348 7573 7950 7982 8221 8697 8849 9002 9198 9418 9888 9980
21 1092 1397 2278 2842 4096 4453 4779 5271 5298 5645 6763 6792 6860 7172 7472 7495 8124 8504 8994 9154 9305
22 1821 2054 2797 3207 3295 3358 4072 4169 4172 4309 4784 4789 4866 6411 6702 7263 7284 7376 8378 8408 9861 9978
25 147 1082 1424 1453 2045 2220 2915 3209 3474 4804 4953 5003 5536 5834 5989 6045 6620 7091 7157 7350 7441 8878 9440 9563 9782
30 105 149 379 483 745 958 1068 2258 3273 3322 3537 4095 4499 4896 4925 4943 4957 4980 4984 5978 6172 6316 7669 7812 8002 8012 8076 9207 9533 9679
36 32 73 222 629 901 1212 1777 1830 2476 2660 2877 2941 3206 3976 4240 4250 4630 4728 5397 5654 5759 6250 6622 6641 6735 8277 8536 8628 8631 8717 9145 9362 9496 9568 9833 9884
19 465 1434 1601 2095 2709 3453 3870 3971 4100 4239 4709 4793 5231 5907 6191 6516 7418 9197 9457
41 207 346 766 775 921 1564 1592 1783 2024 2164 2404 2816 2882 2888 3287 3871 4462 4522 4550 5059 5061 6354 6398 7312 7416 7419 7443 7467 7536 7596 7839 7867 7907 7910 7995 8421 8453 8558 8755 8788 8982
18 497 640 833 1446 1712 2733 4055 4305 4534 4710 4860 4861 5329 5462 5877 8320 8462 8764
32 88 200 602 1005 1356 1409 1487 1509 1514 2411 2423 3001 3869 4278 4566 4764 4826 5143 5836 6166 6249 6519 6900 8683 8724 8798 9003 9286 9430 9815 9862 9986
18 26 507 2586 2630 2688 2715 3782 5518 6392 6890 7592 8140 8193 8643 9347 9623 9726 9825
24 180 605 1628 2119 2153 2850 3012 3696 3756 3853 3926 4046 4924 6119 6523 6743 8374 8690 8888 8919 8979 9110 9190 9374
23 101 797 850 978 1226 1657 1841 2736 3232 3580 4685 4982 5284 5286 5394 6512 6520 6531 7280 8740 9488 9812 9959
31 62 520 765 1516 1720 1878 2364 2613 2875 3024 3684 3827 4428 4948 5258 5270 5902 6218 6412 6526 6916 7163 7305 7618 7975 7985 8045 8475 8481 8695 8995
29 132 586 713 936 2080 2206 2312 2556 2749 3123 3271 3571 3629 3925 4236 4269 5691 6190 6464 6592 7306 7883 8899 8947 9043 9139 9358 9407 9556
25 665 983 1943 1955 2004 2464 2473 2494 3311 3882 4288 4995 6021 6605 7261 7359 7497 7884 8401 8745 9093 9467 9634 9904 9989
31 303 397 479 568 593 644 1039 1063 1171 1315 1622 2254 2913 2999 3091 3217 3653 4040 4131 4489 5408 5744 7037 7597 7846 7967 8169 8383 8532 8641 9249
20 523 581 1176 1697 2559 3961 4649 5071 5108 5395 6503 6553 6584 6625 6771 7094 7103 8570 9141 9601
16 1985 2659 3490 4304 4695 5252 5905 5951 6077 6413 8051 8770 8858 9541 9617 9969
20 312 818 837 889 1110 2435 3861 3938 4292 4636 5062 5797 6019 6557 7389 7685 7770 8240 8664 8905
34 6 275 1135 1790 1956 2057 2138 2291 2346 2460 2463 2719 3394 4508 4931 5547 6101 6511 7005 7176 7399 7733 7894 8069 8130 8244 8267 8404 9376 9518 9571 9734 9759 9984
25 235 1294 2871 3493 3755 3841 4606 4753 4994 5457 6181 6691 7086 7748 7756 7842 8074 8912 8966 9287 9690 9691 9711 9753 9998
33 20 56 96 123 355 710 1261 1407 1492 1605 1718 1826 1831 2179 2488 2783 2827 3405 3605 4083 5501 5926 6239 6579 7712 7844 8024 8864 9020 9161 9175 9378 9863
20 359 365 1680 1807 2120 3962 4569 4676 4914 5528 5821 6121 6234 6484 7286 7398 7931 8500 9092 9703
21 411 427 731 1423 1942 2150 2477 2993 3343 3372 4192 4419 4523 4734 5001 5531 7299 7725 8180 8493 9443
26 360 738 1570 1739 2661 2748 3466 3643 4106 5152 5164 5222 5305 5796 5991 6274 6640 6762 6789 6979 7112 9195 9236 9245 9349 9658
20 288 1059 1156 3419 3623 3704 3952 4391 4442 4460 4628 4706 4947 5497 5746 5779 6939 7133 8086 8181
38 23 189 419 1134 1975 1983 2068 2763 3055 3627 3701 3767 3931 4215 4811 5105 5538 5651 5719 5891 6209 6293 6655 6728 6831 7038 7076 7385 7590 7899 8387 8546 8715 9099 9391 9532 9666 9903
26 152 317 383 768 1267 1957 2238 2280 2697 3035 3166 3185 3399 3455 3752 4334 4599 5864 7049 7236 7486 7496 7852 7868 9069 9930
34 234 543 590 1403 1619 1786 1903 2136 2194 3049 3543 3592 3637 3770 4398 4446 4941 5162 5240 5594 6192 6310 6346 6567 6648 6788 7006 7646 7751 8182 8557 8997 9731 9915
26 93 730 1391 1730 1988 2274 2585 3278 3498 4053 4127 4134 4469 4777 4821 5025 5677 6675 6682 6872 7448 7487 7689 7747 9620 9964
20 211 453 529 1610 1702 2156 2314 2392 2500 2682 2854 3519 5214 6418 6897 7542 7925 8325 9186 9637
28 310 646 1676 2033 2180 2810 2997 3088 4103 4306 4434 4515 4601 4697 5623 5808 5854 6276 6405 6529 6832 7171 7417 7869 7913 8022 8796 9599
16 884 910 1486 1543 1775 2354 2887 3989 4164 5739 5816 6678 6912 7594 8305 9270
31 542 916 1484 1944 2647 2685 2737 3022 3149 3348 3366 3462 3496 4121 4418 4485 5084 5401 5717 6338 6400 6606 6649 7221 7241 7654 8059 8458 9227 9264 9749
23 49 437 452 661 1004 1025 1099 1615 1779 2221 2524 3034 3409 3597 4512 6333 7455 7516 7714 8067 8644 9403 9924
29 334 1302 1342 1347 1371 1732 2212 2250 2992 3213 3351 3645 3909 4272 5027 5185 5442 5642 5843 7062 8098 8862 9116 9150 9262 9282 9322 9351 9514
32 468 511 764 2069 2092 2139 3188 3337 3560 3854 4016 4132 4616 4963 5092 5227 5419 5894 6090 6282 6656 6757 6992 7638 8591 8637 8785 8786 8815 9251 9289 9645
23 1189 1300 1301 2084 2205 3577 3618 4335 4571 4587 4960 5664 5966 6056 6478 6882 6936 7604 7649 7811 7891 7903 9727
28 432 531 871 1055 1130 1237 1312 1691 1809 2034 2088 2515 2675 4744 5346 5459 5984 6105 6817 6961 7047 7079 7539 7665 7793 8126 8870 9205
22 1131 1234 1339 1406 2094 3486 3759 4130 4627 5130 5422 5490 5824 6314 6621 6687 7498 7721 9610 9728 9806 9881
31 1233 1802 2015 2086 2311 2434 2731 3289 3707 4231 4300 4800 5177 5367 5652 5771 6364 6607 7016 7688 7945 8005 8052 8304 8465 8748 9178 9297 9619 9860 9911
28 329 725 726 1155 1563 2959 3023 3401 3434 3763 4068 4085 4275 4277 5963 5976 6046 6311 6586 6720 7799 7974 8269 8917 8930 9168 9273 9483
21 1241 1869 2490 2547 2777 3349 3885 4536 5291 5320 5598 5998 6299 6461 6841 6981 7845 8499 8588 9484 9779
23 218 534 1674 3531 4647 4670 5232 5301 6348 6435 7070 7415 7600 7674 7727 7782 8503 8512 8877 8914 9107 9546 9805
35 63 651 838 1524 1813 1890 2043 2082 2236 2332 2365 2676 2747 2824 3095 3354 3781 4433 4675 4856 4935 5183 5415 5929 6092 6125 6139 6769 7753 7797 8382 8467 9052 9311 9813
18 366 434 820 1271 1303 2158 2436 2991 3201 3362 3512 3513 4088 4679 7784 7788 8381 8735
33 510 662 1074 1179 1977 2313 3070 3136 3183 3300 3425 4034 4170 4411 4546 4643 4997 5008 5009 5237 5601 6199 6248 6952 8013 8793 8897 9352 9393 9572 9598 9736 9979
22 2839 3086 3430 3552 3675 4307 4338 4448 5080 5502 6099 6450 6476 6864 6940 7053 7500 8119 8955 9491 9794 9897
23 17 704 747 845 1817 3514 4481 4611 4659 4828 5403 5684 5829 6426 6836 7029 7186 7578 7849 8498 9129 9517 9920
21 94 112 528 544 899 1321 1465 1652 2441 4432 4855 6200 6554 7341 7531 7961 8128 8303 8324 8592 8916
23 339 606 885 1116 1530 1607 1828 2538 2847 3326 3671 3750 4200 4347 5007 5229 6141 6805 7351 7405 8389 8700 8965
22 841 1308 1311 2410 2455 2539 2815 3561 3997 4071 4213 5638 5728 6271 6826 7589 7944 8071 8388 8583 8705 8972
24 558 719 1289 1376 2190 2426 2498 2890 2895 3140 3807 4344 4388 4719 5000 6103 6300 6922 8014 8478 8561 9770 9802 9844
18 1 153 996 1240 1789 2046 2085 3727 3779 4122 4582 5287 5555 5827 7180 7943 8952 9268
27 260 508 555 707 938 1038 1145 1581 1932 1952 2215 3135 3163 3457 4218 4279 6039 6835 7116 7132 7885 8040 8494 8802 9283 9490 9821
25 11 251 817 864 1290 1596 1704 2000 2766 4214 4237 4370 4637 4677 4748 5260 5336 6662 7482 7511 7538 7570 9061 9437 9818
25 348 621 1336 1536 1791 1854 3503 3540 3622 3774 5093 5621 5667 5731 5765 6429 6470 6975 7635 7786 8282 8328 9063 9341 9820
30 326 336 428 632 708 1413 2819 2951 2961 3241 3263 3411 3523 3608 4114 4253 4320 4449 5121 6208 6498 7473 7901 7941 8008 8026 8523 8711 8945 9156
23 89 148 1206 1481 1523 1715 2319 3028 3450 3702 5647 5699 5813 5913 6110 6213 6350 7098 7212 7619 8037 8109 9901
32 457 554 870 2405 3004 3769 3816 3862 3915 4126 5081 5634 6073 6320 6371 6612 6964 7265 7602 7713 7858 8053 8116 8151 8415 8732 9064 9461 9524 9629 9748 9771
22 1144 1461 1580 1873 1978 2869 3259 3527 3777 3950 4018 4252 4361 4393 6408 6795 6967 7019 8347 8663 9411 9506
19 821 947 1036 1533 1654 2648 3157 3522 3999 4548 4928 6259 6761 6892 7097 7568 8397 8464 9569
29 283 2358 3238 3257 4568 4908 5107 5445 5875 5974 6283 6756 7067 7317 7460 7463 7505 7551 7736 7912 7948 7993 8306 8384 8477 8844 9710 9858 9962
22 237 323 598 619 951 992 1836 2270 3881 4081 4759 4805 5255 5322 5355 5862 6245 6613 7928 8000 9707 9931
21 1375 1471 1591 1634 1816 1995 2174 2256 3700 4084 5050 5217 5630 5782 5850 6086 6290 7557 7606 8284 9746
23 33 473 486 1433 1947 2577 2582 2594 4221 4463 4853 5147 5437 5482 5487 6067 6162 6796 6991 8871 8963 9104 9131
22 429 700 946 1763 2474 4115 4296 4556 4940 6015 6395 6401 6431 7272 7561 7615 7815 8185 8379 9006 9090 9795
26 121 1998 2207 2561 2825 3904 4052 4077 4383 4598 5407 6023 6718 6878 7164 7205 7223 7422 7476 8238 8630 8797 9464 9836 9917 9942
20 97 173 353 455 1072 2021 2026 3215 3402 3557 4076 4409 4484 4542 5249 5971 6129 8338 9600 9642
24 30 118 259 286 813 1625 2044 2146 2310 3731 4056 4613 5247 5464 5714 5745 5755 5842 6306 7292 7598 8361 9253 9775
19 364 552 616 856 933 2028 2522 2929 2968 3579 4089 4226 4427 5525 7699 8398 8814 9122 9699
20 795 802 855 1028 1042 1094 4782 4951 5163 5257 5694 6133 6427 7002 7439 7492 8220 9102 9553 9953
27 320 325 445 844 867 1476 1482 2114 2723 2813 3171 3610 3894 3917 4322 4386 4537 4736 5038 5448 6419 6863 7358 7613 8674 9315 9808
28 276 406 729 1117 1430 1656 1866 2117 3353 3804 3912 3953 4003 4387 4945 5584 5625 5697 6297 7532 7543 7632 8131 8253 8513 8744 9265 9495
23 84 614 1648 3233 3635 4829 5086 5245 5358 5372 5721 5853 6341 6589 7158 7188 7601 7937 8134 8192 8295 8525 9772
24 791 835 1803 2693 2761 3138 3210 3585 3661 4116 4137 4159 4617 5444 5722 6118 6146 6165 6233 7337 7777 7864 7890 7939
26 374 827 940 1077 1150 1767 2222 2235 2710 2908 3720 3851 3916 3994 5416 5825 5872 6066 6363 6700 7724 8094 9113 9228 9431 9856
21 67 1373 1415 1547 1705 1895 3970 4310 4524 5325 6030 6313 6974 7555 8104 8246 8518 8556 9011 9199 9281
26 269 648 693 1844 1954 2360 2444 2687 2983 3235 4020 4087 4802 5002 5036 5065 5402 6160 6683 7340 7657 8606 9031 9155 9169 9334
30 262 875 941 1584 2896 2946 3534 4514 4705 4765 4942 6131 6390 6449 6485 6893 7541 7999 8175 8268 8393 8626 8873 8960 8976 9252 9313 9429 9799 9850
34 504 655 733 869 1565 2039 2459 2618 2658 2760 2867 3388 3449 3620 4050 4059 4314 4615 5215 5382 6336 6734 7146 7170 7396 7453 7773 7991 8975 9051 9084 9111 9764 9810
18 676 1011 2407 4042 4410 5273 5756 5948 6305 6596 6868 7743 7900 8259 9303 9475 9550 9615
23 436 484 1329 1499 1672 1893 2160 3454 3515 3614 3719 4831 7155 7250 7293 7470 7915 8359 8469 8514 8716 9471 9882
32 238 352 587 1043 1093 1295 1370 1649 1788 2323 2452 2803 3325 4521 4641 5461 5847 6052 7008 7198 7633 7955 8027 8208 8392 8488 8607 8884 9008 9026 9566 9868
32 142 349 506 1201 1288 1319 1838 1979 2518 2978 3753 4080 4212 4360 4404 4929 5428 6407 6558 6665 6679 6823 7232 7333 7921 8097 8446 8649 8986 9210 9552 9677
38 81 140 385 569 977 1222 1532 1683 2759 2855 2982 3043 3460 3681 3713 4112 4261 4576 4688 4729 5387 5453 5534 5629 5790 5968 6210 6874 7525 7744 7879 8063 8231 8342 8791 9213 9480 9914
35 305 442 463 577 1163 1307 2087 2634 2884 3111 3317 3593 4036 4229 4452 4467 4812 5142 5194 5741 5751 5835 6041 6486 6921 7687 7865 8352 8355 9220 9316 9503 9704 9912 9947
27 492 536 1119 1251 1282 1384 3319 3652 4248 5640 5672 5940 5942 6377 6994 7307 7671 8023 8656 9022 9095 9441 9688 9700 9785 9889 9956
31 274 499 539 1000 1602 2062 2942 2952 3112 3270 3768 3794 4301 4319 4345 4493 5937 6007 6322 6862 6884 7014 7036 7050 7201 7352 8079 8217 8274 8613 8821
29 171 203 1369 1440 1847 2483 3061 3416 3865 3876 3949 3957 4293 4656 4678 5203 5251 5432 5701 5852 6032 6724 6895 7007 7071 7445 7997 9285 9535
25 872 1186 1335 2739 2945 3014 3672 3908 4109 4394 5172 5552 5578 5656 6236 7321 7380 8038 8385 8426 8906 8921 9477 9819 9926
23 233 309 420 481 783 1143 1323 1549 3068 3724 4451 4458 4844 5102 5363 5376 5688 5738 5972 7424 7702 8152 8811
22 396 471 546 2289 2391 3387 3741 5047 5275 6150 6155 6809 7227 7277 7361 7421 7440 7946 8139 8565 8712 9859
28 319 422 474 595 699 1230 1279 2090 2098 2189 2387 2957 3108 3255 3459 3511 3521 4818 4847 5176 5293 5602 6487 7230 7375 8316 8350 9608
26 214 664 741 858 1140 1341 1538 2575 2691 2830 3392 3667 4687 4863 6477 7107 7796 7813 7988 8329 8411 8956 9513 9687 9773 9786
37 130 253 1154 1545 1933 2663 3335 3375 3793 3818 3940 4111 4439 4561 4882 4911 5103 5335 5481 5680 5917 6707 6751 6894 6971 7178 7217 7408 7962 8082 8760 8839 9041 9394 9450 9716 9869
25 61 672 1090 1659 3196 3352 4352 4858 4904 5116 5353 5400 5434 5832 6201 6631 7068 7370 7481 7488 7639 8898 8903 9765 9983
31 10 19 34 752 928 1083 1086 1152 1723 1993 2692 3198 3484 4638 5315 5562 5600 5784 5802 5924 6379 7218 7522 7552 7930 8141 9241 9468 9504 9723 9919
25 150 158 202 227 930 1024 1209 1357 1419 1865 1931 2263 2345 2770 2841 3345 4421 7315 7346 7723 7763 8148 8620 9355 9797
26 408 840 2239 2536 3284 3705 3987 4155 4329 4703 4936 5083 5612 6179 6840 7402 7718 7819 7835 8035 8143 8533 9100 9357 9730 9853
19 2175 2260 3225 3559 4014 5101 5157 5650 5812 6061 6244 6857 6942 7113 7986 8371 9650 9713 9852
34 307 341 1190 1394 1883 2166 2247 2461 2889 3344 3424 3464 4139 4174 5404 5509 5777 5831 6161 6175 6229 6277 6505 6828 7156 7276 7545 7771 7984 8471 8855 9234 9870 9874
19 825 1034 1909 1948 2286 2567 3748 4315 5010 5323 6082 6251 6794 6989 8609 8696 8704 9151 9497
25 1178 1904 2341 2544 3550 3677 4141 4182 4470 4726 4991 5413 6058 6510 6958 7981 8310 8334 8373 9066 9180 9233 9423 9638 9725
15 24 1115 1858 1938 2843 3092 4323 5618 6278 6430 6568 7518 7544 9456 9816
32 164 281 703 769 1577 2654 2786 2801 3072 3305 3306 4047 4303 5115 5261 5272 5703 6968 7065 7373 7750 7848 8007 8224 8349 8495 9310 9421 9422 9445 9453 9539
22 697 1832 2113 2157 2986 3009 3458 4377 4922 5449 6004 6094 6507 6609 7127 7803 8289 8396 8443 8516 9576 9686
20 1118 1888 1935 2343 2700 3234 3529 3547 3840 4340 4416 5309 5361 7484 7936 8199 8249 8407 9523 9954
22 248 1128 1911 2076 2574 2639 2754 3266 3966 5533 6754 7104 7214 7403 7550 7612 7730 7821 8031 9081 9096 9871
28 162 393 487 557 1199 2617 3031 3481 3907 4037 4244 4407 4618 4934 5197 5409 5500 6628 6634 6779 7229 7461 7627 8127 8258 8612 8660 9974
22 183 190 2469 2605 3706 3832 3921 4619 4754 4944 4979 5200 5206 5530 6247 6518 6653 6844 7266 7584 8651 8654
22 264 683 851 1258 1479 1734 2079 2361 2529 3370 3385 4206 4965 5308 5356 6140 7644 7856 7892 7956 8593 9632
24 285 819 915 1010 1100 1260 1427 2010 3630 3903 4527 5158 5187 6043 6095 6684 7457 7732 8154 8539 9078 9737 9873 9900
15 861 1664 3137 3364 3669 3846 4528 4722 4901 5548 5950 6174 8176 8804 9994
23 55 863 1106 1408 1566 1800 2132 2352 2386 2497 2636 2898 3069 3743 4140 5088 5425 5772 6309 6448 6729 8799 8825
27 287 900 908 1367 1632 2112 2171 2253 2489 3839 4123 4186 4283 4333 4586 5438 7099 7757 8345 8567 8881 8925 8967 9191 9364 9705 9932
24 48 1166 1700 1757 1762 2535 2977 3192 3296 3621 3852 4028 5113 5156 5822 6565 7226 7239 7502 7877 8261 8297 8517 9379
19 99 208 993 1132 1451 1968 2757 3039 4179 4224 4339 4529 5098 6659 7347 7623 7908 8088 9053
28 221 450 877 1229 1635 1805 2807 3109 3811 4543 4825 4937 5068 5347 5378 5558 6132 6481 6701 6819 7291 8029 8442 9211 9673 9828 9845 9966
30 633 860 1246 2127 2336 2462 2590 3390 3814 3831 4673 4859 4877 5033 5371 5405 5523 6071 6488 6502 7243 7378 7857 8161 8191 8395 8409 9527 9651 9774
22 40 898 1617 1853 2193 2296 2980 3067 3081 4108 4425 4465 5463 6437 6651 7523 7752 8110 8312 8678 9280 9419
29 174 335 628 759 1033 1352 1798 1819 1914 2608 2713 2930 3499 3725 3837 4124 4392 4654 6750 6847 7139 7242 7289 7429 7503 7676 8611 9034 9045
23 1244 1917 2506 2509 2835 3379 3983 4621 4660 5192 5561 5952 6223 6362 7052 7554 7694 8887 9055 9224 9459 9640 9823
32 199 314 932 956 1161 1248 1405 1578 1924 2414 2851 2910 3544 3820 5295 5366 6376 6766 6907 6915 6923 6988 7269 7435 7569 8174 8435 8739 9588 9670 9682 9957
21 124 1227 1716 2272 2970 4223 5094 5819 5848 6122 6983 7279 7320 7558 7902 8147 8573 8774 9118 9125 9501
23 172 415 456 705 925 1669 1699 1710 2050 2653 2853 3850 4785 5169 5244 5280 5393 5919 6945 7882 8645 8789 8961
30 461 631 812 823 1291 2521 2848 3634 4161 4422 4725 5119 5736 5740 5921 5958 6525 7075 7369 7681 7698 7800 8118 8218 9001 9346 9402 9646 9732 9993
27 774 966 1148 1353 1355 1875 1974 2331 3159 3286 4902 5091 5810 6436 6440 6590 7057 7187 7575 7809 8145 8431 8772 8843 8915 9674 9767
39 478 1020 1037 1205 1670 2002 2271 2472 3282 3376 3377 3504 3528 3640 4222 4716 5160 5439 5526 5620 5749 5820 6159 6279 6459 6594 6781 6854 7667 7818 7880 7895 8066 8445 8459 8901 9489 9519 9587
25 155 1815 1999 2107 2245 2277 2359 2651 3414 3572 3824 4066 4898 5122 5339 5476 5880 6595 6969 9106 9117 9350 9356 9766 9801
30 541 1736 1937 2375 2729 3076 3227 3448 3821 3830 3947 4113 4297 4341 4380 4787 5046 5111 5709 6638 7110 7490 8214 8245 8693 8851 9170 9187 9259 9925
26 111 117 1041 2196 2395 2966 3151 4004 4063 4468 4588 4711 4807 5285 5599 6197 6549 6723 7260 7310 7530 7624 8078 8184 9621 9712
21 0 1458 1972 3659 4639 5064 5774 6053 6204 6268 6493 6545 7489 7626 7672 8070 8541 8681 8729 8934 9744
23 490 923 1466 1795 2167 2641 3239 3578 4241 4379 4400 4575 5866 5935 6011 6506 6906 6957 7143 7377 8294 8938 9047
19 246 1709 1812 2051 2144 2229 2720 3396 3897 4289 5069 5342 6319 7003 7182 7200 8300 8759 9653
24 134 375 1572 1726 2053 2912 4091 4117 4146 4473 5516 5539 5932 6042 6047 6867 7364 7934 8016 8049 9202 9415 9507 9567
19 192 267 716 1496 2306 3200 3395 4187 4423 5302 6284 6924 6956 7356 7824 8437 8758 9126 9605
20 4 145 1497 2560 2741 2900 3118 3801 3860 4834 5024 5896 5946 6668 8428 8436 8666 9080 9115 9525
15 125 438 714 1579 2631 3250 3489 3520 4015 5129 5345 5496 7026 8144 9648
20 1616 2198 2485 2626 3599 4228 4479 4590 5125 6365 6636 7063 7234 8043 8634 8863 9032 9426 9548 9624
26 596 1627 1728 1862 1871 2465 2523 3428 3461 3570 3826 4157 4245 4324 4969 5053 5253 5752 5897 6337 6342 7483 7881 8369 8980 9038
28 52 382 615 790 854 1113 2216 2716 3145 3587 4075 4532 4591 5131 5365 5388 6598 6919 6950 7593 7704 8044 8173 8511 8831 8852 9184 9814
25 298 368 1420 1561 2022 2656 2885 3754 3955 3965 4745 4788 5063 5435 5882 6037 6384 6444 6569 6610 6611 6618 7469 7768 8910
23 83 103 144 161 446 753 1696 1793 2684 2995 4160 4266 4483 4496 5089 5150 6055 6367 6383 7653 8330 9916 9927
25 15 47 128 223 681 698 895 1192 1266 1742 2858 2994 3104 3822 3936 4232 6143 7580 8356 8768 9164 9583 9656 9661 9672
22 1594 1773 2075 2808 3697 4074 4230 4761 4794 5628 5675 5743 6791 7083 7181 7231 7582 7806 8838 9172 9177 9593
19 776 2664 2870 3141 3986 4332 4487 5099 5860 6185 6432 6843 7144 7940 8165 8473 8490 8769 9409
23 102 157 1012 1052 1062 1770 2357 3114 4199 4978 5079 6445 6576 6816 6941 7225 7400 8129 8326 8519 8701 9193 9565
21 460 1513 2246 3357 3452 3606 3736 3879 4090 4819 5136 5149 5903 6062 7527 7696 8241 8486 9174 9257 9811
32 592 617 685 811 1105 2321 2415 2487 2517 2893 3600 3766 4136 5141 5277 5559 5657 5930 5964 6120 6126 6753 6972 7273 7700 7888 7905 8624 9432 9665 9885 9908
35 296 322 746 1088 1400 1772 1987 2570 2677 3244 3418 3648 3740 3905 4067 4747 4906 5369 6102 6814 7039 7238 8011 8255 8394 8633 8783 9009 9088 9144 9473 9717 9758 9841 9991
24 409 970 1283 2225 2880 2894 3383 3723 3765 4149 4274 5184 5205 5354 5412 5604 5906 6695 6765 7085 7302 7691 8543 9865
18 1428 2338 2480 2600 3914 5123 5571 6026 6591 7313 7379 7860 7968 8183 8256 8280 9279 9420
22 178 578 597 1299 1922 2442 2642 2793 3084 3477 4435 4520 4671 5340 6267 6666 6905 7020 7804 7853 9508 9701
25 156 166 179 291 743 1711 1887 2879 3360 3378 3437 3636 4603 5316 6332 6688 7199 7325 7401 8150 8553 8953 8974 9269 9790
22 29 630 822 1084 1346 1621 1719 1748 1950 2431 3290 4118 4727 4815 4830 5828 6188 6527 7767 7805 8719 9321
34 318 516 576 622 778 879 937 1393 1457 1488 1575 1737 2183 2568 2831 2860 3015 3116 3231 3884 4357 4667 5056 5730 6509 6963 7190 7515 7911 8829 8907 9037 9121 9708
16 990 2923 3368 4563 4574 5700 6051 6222 6442 6469 6561 7697 7859 7927 8103 8694
27 839 2303 2438 2671 2834 3373 3735 4503 4723 4955 5058 5224 5884 6452 6513 6880 7287 7427 7830 8341 8348 8522 8876 8894 9109 9304 9602
28 934 959 1304 1388 1399 1445 1781 2863 3558 3797 3969 4374 4773 5362 5806 6446 6467 6696 7129 7641 7703 7735 8092 8470 8627 8727 8874 9189
18 857 3389 3788 4553 4609 5334 5809 6033 6123 6455 6474 6970 7252 7774 7972 8322 9425 9990
24 943 1091 1359 1588 2690 2746 3583 3829 4441 4920 5510 5582 5804 5861 5910 6522 7648 8159 8571 8590 8762 8847 9492 9922
22 459 806 896 1137 1892 2393 2921 2962 3948 4002 4967 5900 6926 7162 7193 7838 7863 7996 8203 8273 8909 9388
26 762 1121 1383 1860 2279 2520 2528 2624 3045 3226 3265 4065 4110 4353 5583 5873 5874 5879 6009 6106 6514 7640 8427 8574 9067 9695
29 760 963 1381 1963 2439 2820 2832 3251 3291 3751 4665 4841 5737 5965 5990 6164 6168 6755 7060 8186 8346 8390 9039 9054 9077 9229 9494 9586 9985
23 313 464 1317 1396 3649 4120 4415 4444 4472 4796 4814 6258 6497 7458 7517 7547 8239 8302 8366 9065 9345 9757 9777
35 304 525 1232 1296 1494 1528 1839 2170 2390 2419 3006 3144 3584 3935 3941 4062 4097 4373 4602 4806 5154 5209 6256 6443 7192 7386 7477 7920 8358 8632 9209 9230 9747 9798 9803
33 143 252 327 660 950 1535 1600 2335 2486 2602 3126 3331 3535 3746 3864 4286 4351 4557 4578 5040 5466 5888 6453 6927 6980 7043 7084 8232 8616 8667 9332 9414 9479
19 8 247 458 1660 3775 4178 4216 4368 4477 4696 5124 5344 5686 6330 6356 6370 7431 8675 8733
15 1505 2055 2121 2137 2213 2403 3463 4128 4254 5100 5198 6767 7040 7220 9558
28 154 191 301 1070 1372 1741 2078 2089 2199 3842 3913 4094 4397 4646 4751 4870 5188 5226 6059 6722 7493 8113 8179 8311 8562 8597 8911 8970
27 645 782 1104 1268 1901 1930 2363 3085 3530 3760 3803 4024 4098 4545 4741 4885 5246 5556 6422 6580 7024 7149 7194 7413 8538 9408 9762
19 634 675 1320 1771 1823 1916 2252 2417 3090 3309 3332 3898 6221 6482 6717 8228 9237 9390 9992
18 18 751 1054 1185 1755 2383 3170 4093 4600 5013 5016 5135 5519 5811 6650 7072 7684 9153
25 27 357 1071 1899 2018 2149 2526 2789 2862 3249 3863 4022 4541 4597 4824 4987 5028 5066 6564 7384 7430 7655 8363 8433 8981
26 550 1122 1285 1344 2249 2293 2540 3178 3967 4238 4311 5468 5520 5521 6406 6676 6708 6920 7303 7388 7471 7760 8101 8219 9147 9783
23 14 952 1548 2014 2035 2604 3219 3638 4735 4876 5507 5542 5610 5698 5783 5839 5863 6530 6562 6770 7175 7560 7966
32 604 961 971 985 1377 1503 2104 2368 2935 3641 5045 5067 5070 5196 5233 5377 5484 6776 6798 6856 6879 7102 7145 7323 7404 7808 8187 8243 8889 9361 9582 9618
