34 167 719 1001 1081 1096 2545 2629 3304 3495 3843 4195 4349 4726 4776 4844 5290 5387 5627 5720 5793 6137 7560 8000 8030 8195 8334 9034 9149 9252 9389 9656 9818 9865 9923
35 338 832 986 1008 1405 1599 1691 2020 2111 2251 2868 2967 3024 3563 3587 3813 4847 5095 5682 5691 5724 6016 6160 6281 6294 6751 6959 7002 7352 7611 8626 8647 8725 9242 9728
28 229 519 651 1687 2071 2895 2903 3156 3239 3295 3485 3911 4115 4280 4931 5323 5573 5575 6394 6906 7119 7495 7578 7794 7911 9735 9831 9840
24 429 1231 1408 2023 2976 3160 4078 4471 4665 5181 5538 5905 6126 6257 6460 6499 6676 6804 7455 8347 8462 8985 9408 9446
29 266 490 593 1939 3445 3577 3613 3865 3982 4740 4792 4920 4949 5226 5611 5836 5837 5870 5896 6136 6144 6446 6873 6891 7258 7493 8667 9275 9540
26 864 1072 1225 1284 2046 2439 2462 3551 3719 3798 3835 4834 5183 5275 5931 6789 6984 7343 7922 7997 8550 8563 8754 9177 9615 9861
26 600 1142 1423 1799 1863 2283 2359 2741 3007 3246 3508 3691 4046 4121 4887 5496 6018 6606 6707 7075 7091 7218 7400 8763 9379 9436
26 73 518 853 1682 1698 2079 2891 3000 3049 4807 5031 5066 5141 5308 5442 5453 5706 7095 7273 7290 7900 8785 9146 9196 9460 9929
33 650 932 1134 1261 1472 1781 2169 2170 2358 2822 3177 3286 3859 4469 4647 4721 4894 5479 5517 5813 6440 6718 7120 7135 7548 7637 7812 8055 8104 8239 9222 9885 9887
31 37 119 459 548 1161 1484 1641 1750 1776 2275 2809 2872 2902 3593 3730 3746 4158 4260 5749 5964 6100 6119 7366 7699 7824 7842 7865 7954 8286 8659 8935
29 276 1307 1588 1598 1841 2587 2684 2846 3008 3010 3065 3870 4426 4686 5752 5763 5773 6579 6991 6993 7256 7739 8388 8431 8907 8909 9085 9394 9709
29 377 1020 1071 1212 1717 1786 1966 1985 2503 3032 3685 4159 4180 4543 4663 4692 4753 4850 5362 5459 5536 5866 6056 6396 6976 7020 7609 7792 9190
31 483 1653 2988 4402 4539 4848 4979 5328 5731 5751 5818 6057 6370 6604 7068 7197 7733 7788 7837 8232 8257 8352 8479 8520 8523 8652 8687 9593 9729 9847 9954
30 82 87 570 928 1506 2227 2467 2479 2713 2754 3616 4606 4632 4670 5039 5105 5522 5666 5713 6623 6730 7293 7914 8067 8395 9090 9341 9595 9767 9864
29 132 2339 2382 3038 3147 3384 3888 4183 4561 4835 4913 5838 6023 6089 6727 7473 7797 7817 7955 7965 8070 8250 8256 8742 8880 8923 8955 9098 9636
29 128 325 476 1351 1995 2940 3394 4058 4104 4277 4364 4516 4548 4962 5170 5740 5807 6759 7003 7079 8042 8198 8273 8274 8512 8577 9322 9435 9611
16 454 1094 1883 2932 4382 4597 5054 5800 6066 6433 6780 7394 7479 7988 8662 9400
28 544 706 738 1861 2004 2016 2091 2726 3847 4525 5177 5808 6204 6368 6620 7088 7471 7551 7601 7947 8272 8639 8828 8960 9136 9420 9712 9834
32 92 219 414 607 933 1274 1845 1952 2436 2851 2888 3423 3531 3903 4404 4624 4994 5214 5270 5353 5675 5701 6051 6227 6286 6621 6829 7221 7966 8023 8681 9046
27 1223 1249 1446 1623 1954 2447 2698 3284 3663 3875 4175 4229 4386 4720 5063 5871 5912 5998 6206 6274 7049 7743 8451 8719 8720 8826 9827
27 1054 1139 1287 1538 1709 2452 2747 2951 3439 3861 4482 4609 4764 4841 5396 5676 5812 5935 6030 6520 6818 7686 7800 8244 9138 9155 9773
27 634 672 987 1233 1494 1678 2024 2026 2278 2638 3056 3339 3436 5020 5165 5316 5365 5950 6282 6447 6749 7316 7502 8138 8782 9477 9987
32 343 774 854 1358 1860 2306 2325 3400 3598 3914 3941 4210 4383 4685 4836 5097 5213 5267 5491 5519 5596 5823 5855 7415 7516 7688 7757 8017 8047 8567 9638 9830
27 115 141 253 314 1074 1167 1257 1891 2752 2980 3053 4595 5002 5474 6000 6001 6041 6543 6670 7190 7202 7568 7646 8322 9358 9539 9955
30 478 538 929 1825 2152 2209 2424 2582 2621 3081 3379 3915 4141 4551 4791 4886 5340 5956 6538 6554 6589 6929 6936 7331 7515 7700 8278 8898 9154 9931
31 277 316 777 829 847 1047 1151 1276 1695 1774 1975 2057 2210 2317 2412 2845 2905 2991 3335 4272 4358 4390 4969 5162 5551 7389 7459 8026 8140 8570 8682
33 913 1075 2102 2230 2292 2321 2528 2697 3028 3602 3776 4152 4598 4727 4909 5184 5484 5525 6557 6635 6855 6990 7409 7464 7730 8456 8629 8925 9123 9428 9452 9586 9809
30 396 572 577 1058 1543 1782 2373 2484 3940 3974 4112 4300 4587 5845 5907 6130 6140 6169 6378 6882 7042 7058 7339 7416 7843 8268 8979 9690 9758 9917
26 76 143 1816 1896 2300 2719 4512 4573 4672 5191 5310 5322 5395 6048 6244 6693 6769 6942 7011 7336 8434 8454 9114 9505 9562 9695
24 744 776 967 1348 1398 1401 2704 3355 3512 3578 3925 3930 3956 4136 4405 4571 4995 5102 5298 6290 8773 8868 8986 9093
21 297 555 969 1298 2202 2553 2682 3067 3889 4191 4256 4473 4985 5045 6297 6409 6616 6713 6956 7622 9417
32 138 411 661 927 1196 1283 1314 1439 1441 1629 1946 2133 2388 2494 3331 4173 4842 5046 5243 5805 5827 6435 6508 6887 7602 8181 8261 8267 8530 8623 9385 9952
27 342 397 863 1213 1444 1819 2110 2284 2527 3071 4148 4163 4172 4952 4955 5074 6090 6211 6220 7019 7172 7178 7425 7635 7690 8364 9642
31 389 394 626 1268 1647 1941 2038 2520 2548 2856 3164 3273 3376 3503 4098 5195 5394 5528 5748 5788 6761 7222 7338 7393 7468 7496 7840 8288 9105 9289 9852
26 1215 1320 1479 2173 2716 3154 3430 3668 3868 4242 4494 5171 5410 6280 6657 6748 6774 6907 7013 7096 7181 8046 8101 8875 9546 9772
34 500 1051 1470 1516 1871 2695 3190 3296 3471 3677 3817 3912 4179 4476 4817 4865 4883 5060 5581 6117 6260 6721 6859 7228 7419 7795 7836 8214 8469 8670 9045 9456 9641 9982
36 299 581 953 1009 1297 1743 1806 2930 3341 4034 4290 4508 4840 4854 4869 5355 5382 5534 5916 6122 6223 6484 6684 6812 7659 7826 7935 8240 8593 8614 8673 8882 8888 9218 9401 9572
27 750 1010 1197 1243 1254 1982 2036 2090 2357 2750 2849 3075 3683 4636 4743 5207 5319 6043 6207 6453 7187 7545 7950 8702 9221 9596 9905
32 114 239 283 317 1141 1597 1832 1996 2190 2455 2989 3022 3098 3266 3327 3751 3926 4503 5356 5746 5851 6177 7182 7440 7625 7701 7725 7846 7896 8818 8827 9463
31 67 90 102 667 1044 1227 1406 2167 2826 2834 2839 3275 4061 4574 4796 5260 5570 5960 6063 7027 7099 7249 7266 7432 7959 8094 8370 8475 9336 9439 9903
21 233 855 1182 1206 1306 1703 1820 2000 2600 3725 4037 4135 4509 4945 4946 5831 6717 8010 8737 9371 9894
30 579 620 629 2349 2675 2762 3258 3381 3493 3777 4403 4486 5047 5173 5179 5368 5917 6799 7004 7080 7347 7465 7566 7573 8174 8227 8283 9793 9856 9988
27 522 1242 1843 2149 2222 3533 4436 4749 5350 5482 5881 5952 6334 6452 6918 7021 7323 7728 7811 8085 8243 8726 8910 8969 9185 9254 9949
29 169 624 749 1207 1483 2261 2708 2887 2896 3545 3718 4125 4737 5465 5646 5815 6033 6729 6866 7164 7194 7540 7683 8145 8448 9147 9355 9666 9788
31 356 416 463 791 1663 1775 2161 2172 2386 2453 3172 3180 3675 4024 4578 4832 5392 5402 5708 5985 6053 7098 7201 7875 7908 7938 8171 8396 8496 9846 9907
27 358 998 1032 1275 1325 1992 2361 2525 3664 3669 4293 4689 4789 4915 5344 5649 5984 6350 6698 7294 7401 7581 7589 7599 8212 9313 9316
20 145 360 604 1095 1532 2430 3277 3809 4205 4269 4496 6128 6712 7175 7407 7487 7870 8095 8693 8836
31 184 1317 1817 1972 2396 2534 2540 3375 3518 4265 4305 4342 4367 4651 4826 5439 5654 6159 6339 6411 7314 7618 7641 7977 8028 8075 8611 8980 9023 9340 9878
31 19 29 190 192 301 507 512 693 768 1900 2183 2508 4442 4596 4710 5042 5919 5939 6145 6939 6978 7028 7617 7783 8035 8059 8604 8966 9468 9715 9876
33 25 231 1473 1835 2700 3080 3198 3424 3686 3732 4069 4151 4387 4756 5126 5169 5324 5643 5709 6523 6546 6943 7017 7144 7555 7563 8204 8780 8918 9648 9714 9792 9859
23 20 769 975 1091 1674 1903 2406 2511 3200 3608 3909 4080 4276 4787 5215 5443 5877 6170 7362 7778 7945 8381 9465
24 68 268 295 627 926 1025 1639 1850 2052 2207 2322 3187 3443 3893 3954 5086 5554 5946 6569 6875 6877 7528 7645 8637
21 4 1119 2366 2599 3209 3657 3689 3988 4040 4929 5642 5803 6373 6739 7312 7554 7664 8356 9060 9280 9968
44 31 155 187 481 754 957 997 1235 1455 1529 1958 2022 2265 2346 2385 2514 2844 3089 3102 3361 3635 4093 4678 5068 5268 5357 5888 6366 6511 6566 6863 7154 7423 7583 7595 7655 7770 7983 8222 8236 8529 8965 9333 9889
22 795 1244 2644 2901 3837 3986 4008 6352 6711 6988 7053 7521 7895 8106 8489 8934 9156 9274 9343 9759 9904 9966
32 428 556 726 1365 1868 2821 2829 2871 2924 2973 3148 3477 3936 4004 4315 4439 4827 4983 5104 5403 5583 5744 5906 8024 8245 8346 8606 8618 8784 9410 9625 9753
22 662 1170 1741 1887 3043 4549 5425 5512 5887 6316 6962 7029 7225 8048 8069 8172 8238 8279 8607 8916 9253 9383
38 91 129 240 554 766 1140 1166 1172 1545 1601 1756 1792 2422 2461 2490 3036 3639 4193 4487 4572 4580 4611 5321 5464 5475 6040 6105 6551 7179 7296 7537 7853 8344 8360 9201 9421 9623 9693
34 94 974 1174 1461 1652 1864 1923 2720 2753 2847 3020 3740 3850 4124 4407 4794 4912 4966 5050 6403 6772 6858 8151 8160 8175 8186 8554 8795 9084 9251 9306 9328 9628 9965
22 417 1090 1522 1634 1831 2072 2177 2295 4050 5082 6585 6777 6888 7248 7847 7894 8152 8453 8676 8694 9025 9531
21 991 1480 1658 2070 2093 2128 2694 4267 5117 6150 6577 7128 7287 7651 8328 8429 8679 9267 9854 9975 9976
22 346 589 734 1772 2288 2542 3537 3977 4411 4472 4901 5198 5306 5490 6416 6648 6952 7110 7524 7948 9879 9951
37 382 410 813 922 1462 1504 1973 2104 2238 2521 2765 3163 3597 3612 4340 5152 5563 5718 6233 6509 6526 6894 7185 7575 7621 7628 7919 7962 8058 8150 8164 8664 9010 9219 9305 9784 9877
36 89 431 741 773 1558 1837 1882 2299 2483 2737 3693 3880 4057 4082 4218 4400 5288 5398 5794 5927 6884 7453 7486 7520 7539 7562 8072 8087 8219 8457 8515 8915 9178 9179 9511 9941
30 666 988 1288 1316 2137 2637 3564 3808 3937 4138 4307 4384 4557 4601 4626 4745 4986 5238 5728 5902 5957 6489 6625 6744 7311 7348 7413 7525 7531 7572
25 41 446 465 1187 1602 1760 1830 2010 2181 3138 3343 5019 5541 5664 5865 5941 6074 6259 7112 7199 7629 8688 9573 9853 9873
29 196 1475 1654 2033 2802 2830 3192 3202 3364 3592 3665 3969 4051 4810 5221 5372 5618 5768 6994 7503 7517 8170 8193 8252 8281 8508 9133 9587 9962
20 1066 1737 2476 2585 3723 4234 4329 4804 5271 5407 5613 5739 6222 6310 6413 6737 7257 8714 9583 9671
23 58 198 911 1520 1979 2993 3735 4391 4450 4853 4964 5153 5174 5404 5599 7597 7844 7891 8247 8601 9532 9650 9680
35 57 453 606 689 722 956 1336 1457 1784 2577 2803 2819 3142 3363 3450 3462 3739 4630 5040 5089 5379 5514 5712 5735 5978 6004 6613 7747 7814 7967 8385 9089 9527 9816 9883
28 121 1082 1211 1530 1551 1924 2410 2815 3253 3672 3960 4053 4157 4801 4954 5109 5358 5457 5809 5883 6067 6497 6965 7382 7804 8560 9774 9974
32 13 359 526 611 772 780 793 908 1041 2580 2724 2791 2884 3365 3467 3525 3727 3913 4717 5576 6263 6786 6885 7319 7808 8199 8372 8446 8770 9550 9825 9910
30 523 648 921 943 1266 1643 2331 2732 2983 3294 4303 4704 4786 5315 5898 6279 6592 6722 7253 7342 8207 8598 8654 8729 8812 8945 9256 9720 9777 9902
21 456 1454 2535 2792 3420 3542 4768 4989 5236 5480 6092 6356 6842 7234 7978 8006 8608 9118 9366 9524 9640
21 14 511 530 792 1029 1171 1410 1818 2607 2965 3402 5690 6764 6773 6945 6998 7317 7410 8102 9392 9607
35 820 906 2099 2150 2639 3124 3431 3633 3883 4219 4537 5101 5247 5895 6498 6615 6819 6822 6917 7001 7026 7247 7450 7511 7714 7909 7936 8177 8318 8350 9059 9360 9567 9874 9927
27 260 269 300 614 790 1122 1397 1970 2041 2126 2664 2782 2929 3626 3802 3890 5011 6288 6933 7567 7624 8033 8686 9150 9202 9418 9732
37 7 70 455 587 865 1049 1910 1915 2417 2579 2769 2841 3181 3278 3314 3990 4976 5725 5729 5737 6434 6527 6791 6846 7059 7078 7340 7603 7807 8440 9217 9518 9616 9710 9807 9918 9970
25 418 684 798 2200 2602 2910 3051 3483 3647 3671 4144 4372 4547 5348 5594 5921 6679 6864 6883 6946 7414 8599 8675 9144 9582
33 27 44 391 426 1415 1897 2027 2217 2307 2758 3558 3610 3950 4225 4465 4555 4762 4824 5062 5692 5997 6015 6386 6582 6794 6795 7108 7188 7274 7682 7879 7916 9382
37 336 366 386 897 1149 1195 1400 1503 1573 1607 1665 2491 2634 2977 3023 3426 3561 4103 4552 4697 5219 5754 5899 5972 6753 6830 6870 6967 7111 7620 7791 8203 8595 8931 9166 9169 9347
26 144 247 357 383 2204 3759 3830 4196 4466 4933 5100 5185 5309 5326 5384 6313 6490 6767 7109 7176 8124 8276 8308 8634 8715 9278
23 182 213 353 369 2032 2254 2677 3219 3338 3432 3814 3945 5715 6054 6430 6500 6587 6725 6922 7107 7445 7973 8424
29 547 597 736 1295 2409 2509 2898 2935 3195 3357 3451 3581 4241 4616 4700 5164 5217 5375 5741 7103 7801 7957 8039 8313 8578 8743 8834 9040 9363
26 210 565 578 1493 1945 2970 3270 3555 4746 5240 5920 6068 6151 6238 6261 7220 7447 7702 8082 8677 8798 8871 8878 9601 9705 9979
34 140 619 669 710 1176 1752 1766 1780 2337 3233 3328 3920 4127 4187 4780 5012 5077 5416 5508 5532 5874 6013 6331 6432 6801 7231 7498 7906 8097 8837 8914 9354 9478 9493
29 98 1059 1935 2256 2578 3396 3546 3560 3573 3980 4897 5850 5908 6224 6638 6658 7145 7356 7592 7851 7871 8061 8303 8564 8864 8917 9416 9424 9943
24 176 178 291 491 569 731 1264 1556 3298 3574 4352 4858 5144 5199 6153 6312 6600 7113 7549 7697 7741 7932 7952 9353
35 972 1053 1449 1645 1809 2114 2187 2383 2384 2489 2576 2848 3096 4114 4507 4600 5747 6301 6380 6472 6529 6788 7365 7482 7752 7848 8292 8394 8794 8941 9072 9152 9261 9646 9755
27 1083 2866 2946 3197 3235 3383 3390 4019 4250 4527 5320 5433 5552 5977 5986 6465 6747 6762 6925 7476 7546 7680 8547 8605 8756 9751 9782
28 75 564 990 1162 1898 2216 2615 3168 3475 4523 4586 5622 6689 6838 7146 7430 7442 8650 8697 8900 9020 9325 9370 9474 9488 9632 9699 9960
26 154 1361 2155 3167 3360 3620 4294 4464 4708 5123 5470 5693 5903 6168 6437 6663 6983 7157 7206 7313 8426 8730 8806 9101 9257 9350
43 203 309 329 497 542 660 1000 1577 2179 2566 2794 2814 2994 3068 3293 3366 3917 4134 4292 4615 5052 5069 5160 5633 6080 6252 6776 6854 7006 7064 7077 7328 7370 7472 7630 7649 8767 9035 9165 9247 9255 9486 9734
31 36 728 745 850 1245 2233 2394 3135 3182 3444 3687 3896 4347 4542 4885 5860 5893 6044 6071 6388 6471 6800 7268 7634 7782 8255 8632 8760 9329 9756 9886
21 885 1334 1417 1464 1745 1948 2328 3077 3118 3248 3872 3887 3907 4408 4968 5574 6171 7043 7776 8838 9426
32 388 599 1321 1326 1842 2003 2277 2456 2617 2979 3269 3448 3527 3738 4815 5112 5993 6076 6147 6383 7658 8034 8541 8596 8777 8801 9007 9103 9183 9512 9796 9978
15 423 551 1217 2990 3303 3840 4675 4819 5448 7736 8012 8231 9192 9565 9991
31 1269 1638 1890 1988 2466 2507 2510 2799 3035 3345 3642 3653 3948 3998 4247 5026 5555 6293 6347 6429 6911 7005 7086 7377 7494 7518 7856 8135 9415 9526 9662
31 172 238 241 461 473 652 2248 2350 2473 2481 2780 2876 3211 4010 4086 4120 4667 4722 5373 6060 6088 6389 7072 7986 8020 8144 8413 8940 9235 9677 9921
29 485 680 907 966 1587 2084 2961 3862 4244 4711 4991 5150 5200 5401 5523 5610 5632 5738 6102 6459 6502 6825 7233 7711 8576 8793 8927 9386 9781
29 34 136 941 978 1451 1541 2030 2069 2488 2549 3280 4829 5244 5601 5840 6069 6304 6835 7057 7156 7297 7421 7438 7753 8180 8225 8417 8740 9893
30 50 150 886 1572 1617 1664 1844 1920 1991 2298 2338 2879 3765 4155 4845 4905 5154 5983 6158 6461 6660 6979 7236 7265 7574 7835 7927 8738 9803 9838
33 303 785 873 1129 1224 1386 2159 3201 3486 3496 3707 3874 3921 4199 4447 4493 4657 5341 5668 5696 6595 6651 6691 6852 6930 7332 7417 7526 7852 8465 8994 9188 9757
27 770 861 940 1146 1285 1826 2176 3333 3796 4006 4488 4766 4775 4820 5354 5421 5699 6375 6427 7117 7204 7376 7451 8769 9083 9610 9770
27 923 965 1711 2426 2816 4694 4724 4793 4961 5702 5791 5868 6077 6101 6686 6862 7606 7903 8230 8543 8624 8839 9018 9437 9504 9618 9736
33 33 43 106 315 319 638 1889 2221 2581 2862 3034 3090 3554 4211 4226 4261 4462 4683 5176 5437 5947 6338 6702 6857 7251 7586 7674 8791 9290 9356 9453 9503 9797
32 122 261 515 716 1246 1402 1432 1450 1467 1726 1993 2477 2966 3105 3161 3599 3942 4109 4273 4380 5072 6193 6198 6324 6480 6928 7390 7713 8084 8821 8822 9663
23 625 959 968 1099 2428 2541 2558 4085 4684 5057 5894 5923 6032 6524 6530 6598 6605 7330 7926 8987 9128 9140 9924
34 80 302 789 1466 1594 1603 1918 2065 2100 2119 2833 3079 3494 3519 3694 4396 4705 4960 5128 5477 5566 6201 6518 6682 6694 6876 7168 7200 8218 8759 8926 8961 8964 9484
23 280 310 400 1309 1739 2911 3711 3717 4020 4977 5595 5852 5965 6532 7513 8120 8324 8556 8734 9050 9348 9634 9932
27 883 1190 1192 1271 1281 1512 1672 2368 2500 3158 3433 3795 4424 4813 4880 6190 6422 7062 7163 7238 7283 8127 8307 8820 9077 9626 9762
32 146 193 1063 1165 1590 1877 2062 2463 2746 2798 3185 3249 3416 3529 4227 4562 4570 5371 6229 6815 7016 7230 7298 7953 8132 8295 8526 8609 8808 8962 9609 9819
30 644 825 844 977 983 1209 1313 1345 2073 2156 2739 4056 4326 4866 5096 5338 6183 6415 6629 6631 7923 8112 8179 8789 8831 9174 9397 9658 9701 9926
38 560 659 1043 1221 1431 1585 1800 2502 2601 3196 3489 3575 3908 4360 4682 4718 4939 4997 5669 5779 5816 6091 6245 6477 6740 6856 7380 7830 8752 8908 9110 9211 9376 9487 9599 9717 9851 9957
27 466 502 1350 1539 2005 3206 3440 4502 4575 4805 5513 5578 5604 5745 5759 6127 6154 6367 7100 7403 8423 8553 8894 8981 8983 9016 9629
29 326 349 720 765 1143 2419 2723 2978 3184 3348 3699 3869 3927 4087 4161 6536 7619 7828 8009 8065 8397 8460 8735 8982 9014 9130 9269 9896 9977
33 857 1007 1374 1624 1895 2223 2429 2671 2857 3004 3425 3785 4039 4262 5342 5359 6133 6196 6594 6733 7054 7360 8296 8323 8348 8502 8884 9005 9012 9091 9129 9141 9664
32 12 294 812 838 1378 1528 2282 2586 2666 2804 2840 3407 3807 4409 4495 4747 4759 4996 5366 5602 6610 6886 6893 6977 7205 7512 7552 8115 8655 9022 9161 9981
28 200 612 839 1248 1343 2013 2213 3040 3395 3596 3660 3684 3999 4317 5518 5918 6021 6271 6973 8105 8436 8691 8997 9080 9203 9295 9510 9604
27 288 955 1016 1125 1618 2632 2641 2665 2670 3087 3480 4398 5261 5498 5925 6407 6503 6646 6910 6913 7309 7839 8873 9521 9678 9848 9938
21 348 424 442 687 2215 3603 3952 4524 4982 5564 5600 6462 6975 7514 7802 8060 8741 9207 9447 9617 9727
25 403 425 477 566 752 1087 1232 1369 1787 1869 1953 2058 3856 4287 4837 5458 6026 6485 6968 7968 8192 8349 9294 9314 9318
28 602 755 951 1738 2398 2942 3095 3132 3250 3370 3794 3894 5545 5979 5996 6558 6779 7092 7612 7672 7970 8365 8433 8774 9181 9429 9703 9822
36 225 237 1031 1110 1128 1511 1689 1747 1971 2060 2237 2880 2953 3064 3378 3885 4475 4614 4822 4895 4902 5194 5471 5567 6212 6291 6314 6643 6853 6953 8117 8781 9092 9500 9590 9824
15 139 472 1593 2310 2416 3515 3822 3943 4373 5258 6299 7785 7972 9414 9766
35 130 166 484 896 1113 1123 1286 1650 1728 1901 2095 2117 2225 3084 3779 4028 4658 4769 5408 5542 5780 5806 5910 5967 6195 6277 6332 6333 7151 7307 7596 8103 8823 9212 9936
33 77 278 674 816 1198 1427 1544 1705 1707 2042 2061 2731 3152 3636 4781 4862 4878 5352 5940 5948 6073 6243 6343 6348 6491 7035 7192 8125 8528 8842 9115 9134 9519
34 174 378 527 623 803 982 1460 1612 1930 2269 2926 2968 3179 3313 3656 3981 4451 4852 4975 5572 5770 6009 6337 6640 7243 7698 7766 8114 8913 9686 9823 9939 9946 9948
20 996 1550 1723 2244 2551 2642 2691 2914 2916 3975 4282 5516 6172 6202 6355 6556 7437 7910 7915 8999
33 78 175 436 1168 1583 1921 1978 2188 2518 3031 3106 3247 3411 3516 3614 3976 4252 4257 4308 4417 5257 5393 5597 5707 6098 7527 8657 9205 9507 9516 9653 9804 9821
27 85 111 183 543 1333 1496 1554 3311 3768 4067 4892 5227 5301 5565 6246 6431 7405 7435 7577 7768 8182 8490 8951 9013 9769 9961 9963
27 64 103 407 513 646 833 880 1098 1218 2974 3770 4220 4249 4301 4332 4545 4556 4589 4860 4864 5106 7196 7353 7762 8004 9265 9708
25 66 296 332 401 717 1604 2285 2909 2938 3030 3871 4118 4156 4207 5283 5637 6028 6082 6424 7553 7689 8302 8517 8716 8949
22 101 918 1265 1418 2078 2120 2312 2827 2992 3078 3996 4415 4669 5134 6398 7477 7623 8080 8641 9237 9287 9934
26 186 1156 1600 1846 2997 3347 3704 4605 5098 5429 5645 6135 6756 6860 7150 7320 7615 7818 7925 8357 8783 9036 9044 9047 9153 9785
27 61 372 438 702 783 964 1080 1105 2080 2831 2873 3186 3290 3799 3938 4731 4990 5719 5781 7018 7665 8409 8680 8993 9245 9654 9922
24 380 546 601 1447 1640 1944 2330 4203 4214 4434 5078 5801 6107 6436 6644 6754 8018 8410 8700 8911 8924 9368 9541 9969
34 83 197 443 1443 2131 2314 2372 2672 2859 3045 3285 3733 3997 4146 4201 4638 4872 5028 5204 5487 5772 6025 6116 6425 6700 6868 7102 7832 7924 7934 8366 8879 9032 9473
14 0 79 537 2374 3611 4299 4321 4344 4627 5640 6292 7133 8197 8610
25 16 30 99 713 909 1252 1433 2182 2693 2853 2913 3412 3757 3761 4245 4500 5061 6132 7115 7441 8119 8191 8298 8400 9670
30 257 494 1112 1183 1372 1463 1968 2255 3217 3240 3780 4800 5212 5250 5615 5909 6012 6083 7123 7148 7237 7529 7829 8389 8468 8847 9213 9497 9533 9702
25 15 201 786 851 1574 2178 2606 2661 3349 3774 4677 5269 5488 5620 7443 7806 7987 8223 8226 8534 8849 8890 9173 9441 9760
29 592 622 753 821 836 976 1452 1631 1697 1713 2303 2655 3143 3282 3359 4130 4906 5087 5256 5300 6095 7022 7039 7995 8384 8418 8617 9220 9240
23 71 399 541 704 1157 2451 3057 3120 3121 3221 3463 3724 5000 5231 5312 6038 6087 6230 6315 6555 7912 9637 9723
26 39 212 557 700 871 1810 2211 2281 2722 2818 3388 3590 3995 4111 4228 4362 6034 6225 6940 7246 7335 8336 8622 8906 8932 9698
22 1186 1724 2235 2433 2668 2828 3547 4639 4972 5229 5606 5710 5727 5804 6110 6382 6565 6728 6742 8053 8089 8481
19 531 671 1191 2019 2320 2371 3227 3900 4165 4591 5222 5485 6103 6254 6845 7094 7501 7534 9651
20 1312 1644 1700 1955 1998 2749 2899 3438 3617 3692 4237 4529 4777 5858 6188 6564 7780 8158 9765 9897
24 824 1014 1260 1731 1987 3933 4119 4236 4341 4613 5021 5135 5334 5374 5579 5783 7764 7873 7939 8492 8513 8731 9125 9246
23 631 807 904 1670 2123 2673 3263 4470 4890 5186 5861 5867 6726 6782 7226 7354 7985 8668 8746 9496 9811 9871 9989
22 313 395 412 1500 1628 3459 3949 4216 4785 5556 5636 5817 6002 6505 6528 6785 7504 7673 7779 8586 8881 9880
23 468 1026 1282 1509 1821 2646 2705 2972 3682 3700 4712 5251 5388 6256 6423 6593 6699 6851 6895 6963 9070 9520 9801
33 756 992 1702 1790 1834 2907 2956 2963 3241 5016 5159 5336 5486 5500 5605 5688 5787 6007 6443 6561 7000 7033 7195 7444 7754 8109 8698 8870 9206 9320 9506 9548 9986
28 525 1089 1093 1130 1247 1253 1471 1943 2008 2459 2515 2529 2760 2761 2768 3176 3372 3466 3559 3922 4096 4160 6345 7816 8416 8922 9180 9431
27 501 898 1002 1255 1785 2513 2626 2743 3380 3766 4033 4311 4544 4688 4778 5795 5897 6197 6787 6831 7845 8525 8718 8796 8804 9568 9716
27 354 370 520 679 1370 1448 1508 1596 2121 2343 3627 3736 3972 4171 4339 4987 5090 5399 5492 5776 6022 6251 7084 7093 7155 8944 9345
32 574 642 691 912 1324 2096 2652 2687 3110 4734 4849 5006 5151 5280 5452 5694 5753 6194 6770 6781 6981 7014 7252 7433 7484 7874 7982 8484 8905 9079 9132 9182
28 112 211 895 1092 1360 1536 1754 1777 2063 2311 2425 2869 3511 3971 4036 4481 4754 5294 5303 6478 7334 7648 8090 8802 9127 9561 9578 9622
23 510 658 1017 1632 2086 2475 3272 3377 3831 4441 4528 4533 4898 4963 6381 7760 8136 8143 8477 8572 8649 9056 9812
29 1103 2550 2893 3014 3514 3548 3552 3696 3848 4072 4147 4324 4389 4623 5672 6272 6468 6840 7492 7749 8002 8038 8305 8335 8428 8511 8542 8765 8896
35 88 117 1765 2442 2685 2852 2995 3302 3358 3476 3479 3625 3845 4068 4154 4593 4680 4871 5018 5056 5138 5216 5313 6276 6516 6633 7189 7460 7715 8137 8380 8425 9176 9233 9564
14 3231 3643 4255 5116 5419 5584 5651 6626 7031 7383 8005 8458 8755 9419
32 21 737 788 979 1027 2360 2414 2524 2812 2964 3061 3281 3841 4123 4137 4334 4427 4541 4642 4671 5722 6553 6803 7259 7921 8455 8954 9243 9302 9321 9349 9558
19 533 938 1106 1293 1722 2391 2919 4322 7556 7593 7631 7937 7949 8130 8184 8852 9444 9584 9608
34 28 271 384 645 1065 1429 1746 1814 2267 2304 2334 2336 2537 3236 3532 3541 3556 3767 4918 5936 5991 6019 6793 7170 7310 7561 7787 8139 8545 8722 9076 9317 9373 9860
30 980 1342 1990 2053 2107 2329 3059 3125 3291 3465 4002 4422 4673 4707 5621 5683 5685 5726 6104 6221 6410 6531 6792 7350 7809 8536 8548 8733 9187 9335
25 639 878 1482 1879 2066 2088 2532 2643 3212 3334 3750 4480 5333 5733 6796 7038 7121 7373 7790 8027 8354 8443 8499 9491 9529
33 761 902 936 1136 1181 1576 1608 1940 2680 2825 3042 3171 3315 3336 3622 3793 3953 4297 4416 4691 4861 5911 6924 7292 7579 7654 7677 8246 8501 8732 9283 9326 9365
36 204 235 335 462 514 598 859 1219 1412 1518 2109 2157 2344 2564 2583 2706 2944 3447 3881 4128 4699 4784 4971 5037 5663 6093 6302 6734 7746 8071 8317 8393 8487 8689 8897 8991
20 107 580 2192 2464 2699 2748 2934 4392 4806 5943 7131 7358 8054 8220 8854 9259 9332 9643 9850 9866
38 328 508 950 1036 1159 1199 1300 1428 1478 1514 1563 1712 1922 2234 2556 2565 3213 3481 3500 3501 3852 5024 5136 5293 5400 5444 5680 5782 6046 6519 6692 7186 7289 7608 7798 7920 8958 9606
37 162 331 385 586 1189 1719 1984 2345 2472 2613 3169 3305 3520 3534 3961 4000 4251 5278 5335 5624 6006 6475 6627 6639 7411 7489 7963 8329 8516 8521 8704 8929 9113 9124 9466 9594 9630
24 1076 1669 2194 2418 3410 3429 3472 3607 3773 4388 5653 5854 7130 7203 8368 8369 8374 8505 8538 8867 9015 9244 9387 9780
25 387 469 591 858 1519 1555 1581 1690 3944 4268 5118 5242 5884 6120 6186 6544 6611 6974 7198 7324 7557 7885 9061 9164 9239
23 54 437 778 1553 1858 2733 2806 2832 2883 3254 3337 3705 3899 4266 5755 5760 7278 7884 8301 8488 8627 9312 9482
23 72 156 408 760 1120 2400 2998 3063 3271 3397 3419 3892 4546 5223 5413 5631 6165 7510 8178 8383 9088 9844 9973
30 685 1052 1236 1416 1660 1919 3122 3150 3630 3895 3964 4375 4410 4650 4659 5252 5557 5661 5790 6305 6317 6397 6466 6550 6716 8445 8814 9043 9249 9748
36 161 479 688 1137 1294 1526 1876 1949 2793 3572 3649 3714 3828 4055 4094 4198 4421 5092 5504 5820 6167 6896 7497 7735 7850 8306 8579 8861 8977 8998 9264 9307 9427 9475 9652 9994
22 2 374 764 1932 3905 4419 4559 4752 5015 5058 5671 5756 7174 7284 7300 7349 7564 8221 8727 8967 9248 9451
27 165 683 848 901 1340 1409 2196 2633 2772 3006 3027 3146 4062 4091 4755 5038 5497 5926 6931 7037 7904 8331 8450 8665 9273 9679 9794
32 373 381 841 1540 1637 1880 2021 2347 2506 2727 3662 4333 4565 4690 5049 5168 5389 5434 5678 5711 5777 6525 7466 7775 8264 8527 8591 8764 9234 9285 9495 9820
33 458 823 989 1188 1363 1570 1994 2375 2495 2823 2945 3165 3557 3787 3857 3866 5220 5423 5742 6685 7012 7286 8016 8241 8343 8401 8850 9284 9396 9448 9560 9833 9919
27 126 712 1315 1938 2657 2908 3107 3399 3583 3788 4518 5329 5891 6192 6309 6521 6878 7047 7436 7868 8646 8835 8975 8996 9268 9390 9472
31 223 363 742 995 1086 1100 1344 1937 2592 2610 2648 3013 3085 3502 3786 4328 4926 5048 5155 5370 5764 6010 6162 6363 6798 7116 8376 9277 9301 9331 9749
30 177 232 779 942 1077 1256 1524 1791 2226 2291 3297 3312 4108 4368 5367 5856 5958 6024 6902 7048 7263 7295 7796 7821 7993 8404 8533 8790 9627 9881
23 344 930 1469 1646 1885 2201 3374 3513 3579 4075 4846 4893 5014 5033 5381 7087 7138 7703 8362 8889 9041 9569 9775
28 763 1040 1126 2245 2262 2389 2985 2987 3562 3931 3983 4431 4603 5206 5687 6358 6578 6921 7261 7346 7610 8169 8819 8851 8857 9004 9645 9950
27 1568 1679 1710 1853 1899 2628 2790 3076 3203 3442 3858 3984 4185 4485 4585 5163 5422 5863 6118 6673 7547 7569 7834 8300 8441 9375 9953
22 209 517 985 1302 1567 2097 2333 2403 2590 2955 3115 4054 4063 4077 4279 4879 5272 6157 7691 8043 9082 9359
29 159 441 1453 1523 1613 1824 2191 3487 4047 4254 4625 4891 5113 5228 5233 5526 6042 6456 7139 7488 7716 8437 8482 8540 8701 8753 8800 9536 9537
20 221 321 603 1238 1578 2376 2651 3810 3993 4316 4875 5650 7235 7282 7306 7429 7570 7632 7652 8398
29 234 267 361 1015 1097 1761 2081 2199 2478 2619 3474 4530 4618 5286 5843 5973 6354 6441 6708 7550 7650 7675 7696 8229 9163 9191 9542 9799 9802
32 110 327 340 696 1148 1349 2085 2286 2770 3033 3126 3646 3734 4032 4208 4284 4928 5406 6003 6112 6181 6361 6596 6966 7325 7913 8234 8438 8549 8833 9300 9458
31 6 945 1046 1693 2075 2142 2397 2413 2807 3260 3415 3488 3580 3670 3697 3703 4401 4479 4783 4942 5085 5784 5797 6549 7069 7590 7855 8269 8321 8361 8684
33 834 900 1085 1234 1542 1564 1648 1840 2305 2775 2777 2854 3324 3330 3428 3582 3619 4263 4413 4567 4577 4957 5529 6094 6517 7224 7267 7899 9175 9339 9683 9706 9915
31 109 594 796 971 1185 1228 1983 2153 2289 3229 3726 4181 4440 4531 4868 4965 5114 5577 6143 6149 6203 6449 6457 7152 7538 7877 7971 8248 8683 9555 9750
28 583 681 714 889 1033 1311 1407 1725 2045 2538 2562 2645 2931 3316 3422 3441 4243 4620 4970 5495 5656 6581 6688 6944 7030 7745 8575 9947
31 539 1116 1783 2241 2588 2627 2785 2947 3039 3046 3052 3174 3478 3549 3867 4083 4350 4381 4449 5292 5325 7007 7025 7582 7657 7943 8758 8841 9279 9405 9733
34 1 60 142 236 347 920 1062 1636 1965 2064 2392 2432 2443 2885 3970 4126 5291 5644 5686 5775 6442 6481 6599 6601 7126 7158 7210 7240 7990 8242 8411 8612 9266 9920
34 191 842 874 1865 2242 2380 2767 2954 2984 3193 3194 3454 3716 3957 3962 3994 4060 4330 4843 5591 5629 6065 6161 6630 7232 7723 7825 8162 8216 8474 8584 9064 9409 9571
25 1229 1904 2763 2771 2774 3088 3498 3860 4275 4790 4802 4870 5411 5660 6027 6111 6298 6340 6406 7118 7368 7907 8507 8768 9228
27 51 617 748 830 993 1145 1681 2047 2198 2228 2605 2609 3289 3755 4420 6463 6469 7279 7374 7944 8420 8459 8539 8957 9073 9559 9891
35 444 451 464 475 516 699 1024 1735 1759 2465 2574 3287 3743 4212 4370 4715 4937 4973 5635 5848 5930 5994 6904 7162 7269 7819 7979 8202 8663 8811 9236 9598 9684 9722 9872
23 274 576 1056 1111 1661 1694 2130 2952 3183 3521 4621 5140 6124 6129 6344 6451 7217 7872 9011 9260 9384 9798 9956
24 723 1064 1335 1537 2006 2082 2604 3208 3387 3641 4304 4478 4560 4830 5603 5684 7418 7695 8076 8386 8518 8558 9613 9843
33 120 365 393 963 2547 2635 2717 3054 3251 4031 4310 4366 4863 4956 5094 5821 6139 6420 6542 6588 6923 7044 7171 7184 7219 7523 7535 8314 9216 9223 9635 9741 9752
31 134 804 1393 1421 2007 2468 2647 2712 2906 2917 3742 3839 4363 4696 5414 5451 5456 5558 6336 6450 7507 7647 7759 8289 8498 8514 8859 9413 9857 9882 9928
33 496 1424 2089 2125 2860 2939 3385 3404 3586 3898 4379 4569 4767 4770 5051 5428 5450 5732 5785 5945 5980 6284 6330 6514 7351 7543 8237 8485 8616 9323 9579 9704 9995
31 127 255 934 1549 2571 2975 3116 3127 3576 3584 3661 3851 4015 4206 5180 5245 5263 5959 6232 6390 6666 6971 7758 8355 8771 8832 8974 9067 9106 9299 9499
29 351 690 1068 1355 1502 1778 1888 2444 2596 3791 4164 4446 4640 4760 4958 5463 5824 6113 6377 6392 7085 7153 7571 7756 8019 8049 9197 9668 9675
37 100 504 730 801 1251 1305 1331 2039 2050 2272 2999 3131 3301 3456 3629 3681 3783 3947 3991 4336 4406 4803 4812 5511 5623 5892 7173 7264 7302 7345 7499 7668 7838 7961 8620 9184 9863
27 376 670 837 1250 1273 1633 1963 3062 3276 3973 4443 4563 4889 4899 5569 5937 6072 6178 6412 6735 7270 8285 8669 8723 8813 9075 9789
27 721 910 1073 1108 1204 1836 2148 2402 3351 3510 3654 4116 4461 4648 5469 6005 7876 8113 8122 8294 9270 9462 9490 9674 9739 9849 9898
24 273 308 787 1178 1379 1436 1854 2530 3651 4351 4483 4590 5023 5431 5550 5900 6175 6649 6695 7684 8461 8471 8946 9120
25 1280 1357 1384 1913 2143 3492 3591 3666 3816 4029 4076 4169 4376 4641 5249 5700 6205 6738 6879 7882 7951 8287 8971 9597 9682
33 275 697 826 881 1127 1301 1595 1651 1839 2076 2197 2399 2469 2631 3112 3267 3621 3648 4030 4117 5274 5954 6108 6783 7426 8015 8099 8968 9171 9193 9199 9498 9721
28 249 305 1773 1964 2185 2332 2480 2678 2766 2800 3151 3844 4550 4592 4649 4896 4924 5196 5339 7301 7803 7822 7849 7864 8036 8262 9551 9776
19 588 1382 2055 3222 3319 3600 5307 5332 6664 6763 6989 7439 7454 7627 7772 8091 8494 9159 9999
22 486 2108 2243 2247 3044 3140 3238 3264 3453 4346 4484 4765 5386 5847 5914 6823 6889 7318 7707 7890 7928 8603
33 26 38 259 725 733 1177 1859 2018 2136 2497 2554 2915 3005 3074 3292 4177 4453 4772 4947 4948 5210 5317 5441 5970 6574 6580 6957 7024 8141 8275 8699 9037 9655
24 647 784 843 1150 1202 1437 2208 3382 3437 3536 3690 3924 5030 5253 6210 6488 6897 8235 8391 8787 9002 9121 9517 9913
32 135 367 390 757 1354 1367 1575 1934 2458 2686 3680 3987 4312 4314 4378 4511 4583 5337 6123 6187 6545 6706 7165 7396 7639 8970 9135 9170 9334 9509 9592 9633
27 413 618 805 1925 1928 2487 2795 4821 5205 6189 6253 6703 6715 6900 7239 7305 8021 8165 8319 8535 8671 8747 8815 8876 9229 9330 9937
27 59 322 392 1240 1626 2231 2437 3133 3769 4099 4554 4588 4701 4818 5598 6185 6270 7169 7355 7580 8007 8340 8497 8703 9142 9327 9574
19 217 285 724 1656 1980 2928 2950 3323 4073 4197 5121 6176 6237 8291 8449 8807 9028 9502 9940
25 306 524 610 1796 2214 3350 4435 5343 5380 5417 5667 6323 6346 6486 6495 6609 6768 7207 7281 7786 7893 8339 8830 8948 9095
34 17 52 205 495 632 905 1104 1377 1960 2056 2608 2659 2971 3029 3114 3792 4739 4855 5178 5502 6661 7412 7508 7614 7660 7729 7998 8466 8561 8638 9198 9226 9281 9346
22 24 375 440 856 1465 1474 1838 1847 1962 2193 2701 2865 5391 6163 6632 6790 7678 8480 8956 9411 9612 9912
36 86 759 775 1030 1037 1214 1226 1619 2112 2252 2313 2783 3011 3025 3386 3452 3655 3771 3829 3939 4105 4230 4337 4579 4941 5390 5447 6247 6552 6709 6765 6890 8215 8619 9109 9189
28 113 1813 2098 2649 3243 3307 3332 3864 3967 4049 4140 4467 4519 4666 5202 5376 5432 5757 5971 6597 7341 7357 7558 8253 8566 9033 9160 9692
29 596 709 952 1084 1376 1849 2163 2797 3252 3461 3517 3722 3906 4520 4643 4978 5549 5778 6419 7090 7129 7137 7304 7709 7784 8154 9208 9315 9787
22 665 705 1299 1642 2124 2738 2788 2824 3373 4359 4361 4452 5961 7191 7214 7299 7536 7980 9055 9603 9669 9713
29 605 811 892 1034 1884 1892 2212 2365 2835 2837 2949 3506 3749 3784 4223 4437 5638 5703 5922 5942 6200 7604 7687 7956 8157 8189 8574 8635 9707
33 427 457 1793 2162 2165 2301 2681 2725 3109 3408 3449 3458 5330 5509 5561 5695 5886 6318 6537 6720 6750 6841 7367 7544 8052 8452 8745 9058 9062 9065 9311 9324 9667
25 23 482 499 981 1135 1426 2028 2144 2158 2271 3162 3191 3618 4101 4106 4394 4867 5137 6275 6329 7705 7767 7805 8345 8442
32 536 562 567 682 819 1220 1323 1419 2959 2962 3002 5010 5281 6400 6758 6901 7333 7408 7533 7813 8118 8421 8524 8569 8644 8661 8706 9393 9530 9589 9800 9901
33 246 447 673 845 1531 1909 1981 2236 2264 2764 3048 3072 3417 3623 3752 4007 5786 5932 6109 6608 6650 6752 7065 7260 7326 7889 8213 8775 8862 9271 9388 9563 9687
29 53 62 664 676 1673 2118 2533 2660 3352 3393 3790 4458 4602 4637 4927 4930 5415 5537 5839 5924 6234 6920 7585 7666 8086 8155 8163 8583 9534
23 509 655 708 810 888 2040 2147 2296 2523 2912 3606 4566 4932 6741 7321 7598 7902 8277 8503 8799 8990 9157 9395
29 703 1175 1489 1582 1894 2220 3050 3092 3403 3460 4517 4953 5005 5081 5133 5311 5592 6387 6458 6705 7250 7361 7859 7999 8031 8188 8293 8588 9967
26 11 69 220 1038 1347 1411 2017 2378 2575 3003 4026 4246 5093 5187 5299 5944 6439 6935 7771 7883 7886 7989 8280 8656 8919 9659
24 323 835 1515 1559 2351 2379 3446 3535 4319 4514 4859 5540 6618 6871 6980 8073 8092 8491 8493 8522 8928 9104 9296 9576
30 1109 1381 1392 1675 2059 2401 2874 3073 3455 3849 3935 4133 4568 4655 5524 5530 5652 6539 6656 6937 6999 7076 7422 7462 7994 8014 8098 9068 9442 9869
25 421 637 1216 1527 2624 2850 4343 4631 5131 5560 5639 5769 5833 6268 6296 6828 7397 7858 8435 8792 9086 9337 9552 9795 9832
28 22 994 2595 2736 2805 3155 3215 3232 3392 3414 3695 3797 4023 4698 5008 6267 6826 6941 7576 7717 7981 8408 8552 8672 8848 9250 9476 9479
33 492 840 1114 1318 1911 1967 2250 2863 3070 3225 3731 4038 4288 4460 4771 5588 5607 5814 5825 6182 6562 6865 7431 7490 7748 8705 8751 9100 9112 9430 9459 9672 9763
32 1173 2001 2229 2683 2843 2941 3199 3306 3427 3713 4110 4217 4274 4644 5129 5430 5608 6035 6199 6572 6622 7122 7742 7761 8111 8330 8816 8869 9272 9700 9725 9942
38 304 727 1396 1561 2516 2630 3123 3473 3978 4005 4045 4327 4414 4445 4662 4761 5073 5157 5346 5510 5647 6099 6513 6591 6647 6849 6964 7124 7378 7719 8630 8736 8805 8936 9215 9286 9319 9570
32 96 194 379 471 654 1069 1328 1622 1671 1677 1684 1916 3066 3093 3329 3615 3764 3891 5188 5209 5987 6045 6248 7448 8045 8338 8645 8749 9000 9764 9778 9808
30 398 561 1013 1035 1655 1734 1875 2318 2431 3224 3801 3820 4397 4923 5017 5192 5436 6156 6217 6590 6834 7213 7878 8342 8580 9117 9143 9423 9619 9744
29 45 1203 1352 1720 1907 3082 3145 4423 4951 4984 5067 5167 5364 5427 5505 5628 5829 5915 6404 6512 6628 6654 6996 7541 7663 9282 9719 9783 9817
29 450 1023 1498 1565 1569 1757 1957 2415 2512 2572 2923 3320 3391 3688 3753 4222 4412 5148 5662 5830 6808 6950 7371 8266 8724 8959 9399 9501 9911
26 105 163 916 1353 1388 1513 1795 2710 3482 3566 3904 4221 4248 4270 5351 5648 6351 6371 6428 6444 6690 6723 7420 8263 8636 9481
34 48 74 341 415 802 866 2049 3104 3283 3624 3805 4188 4454 4581 4857 5266 5397 5875 6417 6479 6568 6731 6903 7023 7679 7793 8470 8840 8843 9017 9241 9361 9665 9916
22 164 362 503 914 1341 1927 3175 3470 4070 4281 4738 5360 5857 5869 6492 6701 7522 7974 8290 8544 8555 9168
33 40 506 822 870 1169 1385 1620 1727 2048 3119 3401 3524 3605 3762 4498 4938 5115 5119 5305 5771 5929 5951 6303 6342 7056 7180 7810 8129 9225 9464 9855 9945 9972
25 1485 2140 2435 2555 2729 3230 3421 4610 4943 5053 5462 5507 5515 5859 6155 6249 6833 7104 7291 7491 8744 8899 9162 9227 9771
30 93 97 207 917 1005 1855 2015 2218 2260 2897 3256 3362 3434 3497 3728 4088 4166 4501 5531 5734 6483 7626 7905 7931 8078 8121 8363 8592 8858 9841
30 320 641 961 1292 1801 1804 2035 2276 4013 4122 4515 4646 4884 4911 5585 5864 5879 6295 6696 6850 7070 7428 8200 8270 8600 8643 8690 9094 9342 9786
32 263 281 656 2051 2154 2526 2597 2838 2982 3083 3113 4729 4774 4811 4900 5156 5714 6058 6335 6560 6714 6843 7101 7887 8161 8211 8316 8412 8865 9172 9338 9438
35 228 668 1649 1950 2280 2546 2563 3879 4174 4259 4645 4922 5149 5435 5641 5963 6474 7136 7166 7385 7474 7722 7727 7976 8123 8196 8333 8358 8495 8590 8921 8976 9231 9514 9890
33 227 333 584 869 1045 1477 1742 2189 2352 3055 3346 3368 3878 3959 4798 4904 4925 5203 6283 6376 6391 6912 7036 7880 8312 8696 8721 8810 9119 9344 9404 9522 9726
25 480 1373 1829 1851 2180 2363 2454 3101 3806 3833 4238 4532 6085 6287 6533 6719 6736 7532 7734 8387 8640 8904 8920 9391 9673
33 170 334 432 1088 2450 2611 3824 3992 4090 4425 4457 4558 4652 4674 4988 5075 5282 5327 5418 5460 5730 5992 6148 6273 6482 6958 7149 7315 7480 8044 8131 9024 9624
26 63 1802 2395 3317 3539 3659 3710 4139 4291 4522 4660 4750 4940 5211 5285 5981 6062 6414 6645 6898 7159 7183 7594 8209 8621 9494
27 3 148 944 1200 1435 1476 1733 2186 2721 3652 3712 3818 4079 4331 4779 5385 5562 5844 6760 6970 7216 8041 8051 8224 8902 9631 9958
29 553 1420 2034 2327 2404 3748 3756 4016 4184 4298 5241 5723 5968 6081 6384 6563 7008 7223 7245 7359 7485 7712 8168 8254 8265 8486 8651 9038 9515
15 243 1003 1011 1468 1755 2370 2557 2817 2933 6636 7167 7640 7857 8885 9600
43 409 552 1525 1533 1736 2427 2569 2589 2593 2679 2778 3244 3528 3702 3715 3744 4264 4369 4702 4831 5670 5673 5901 5982 6208 6487 6534 6674 7262 7975 8206 8304 8332 8978 9053 9111 9122 9167 9367 9639 9740 9745 9964
28 405 739 846 1459 1823 1908 2115 2690 3234 3259 3268 3645 3775 3897 5076 5345 5697 6678 6927 7271 7375 7669 7704 7763 7862 8166 8531 9291
28 439 1193 1338 1383 1434 1686 1931 2067 2195 2348 2820 2836 3026 3136 3882 4608 5665 6184 6421 6805 6949 7125 7127 8249 8406 8613 8886 9434
25 189 208 467 711 747 1346 1501 1552 2258 2689 4012 4095 4204 4371 6571 6652 6899 6914 7063 7255 7789 8532 9006 9107 9362
29 81 215 330 595 640 876 884 1050 1289 1748 1862 2986 4240 4676 5080 5721 5750 5819 6214 6357 6809 7272 7769 8377 8653 8950 9262 9523 9754
19 282 435 1394 2411 2504 2656 3530 4044 4935 5501 6061 6586 7452 7898 7901 8341 8467 9697 9908
34 179 185 312 609 818 862 1208 1304 1322 1505 1744 1788 1902 1905 2470 3166 3595 3650 3745 3772 3803 4102 4395 4504 4628 5259 5962 6121 6771 7917 8427 8853 9049 9139
29 831 1158 1387 1815 2367 2653 2890 2960 3413 3464 4325 4459 4736 4959 5547 6250 6867 7009 7147 7344 7369 7469 7670 7958 8040 8447 9158 9293 9364
35 133 188 470 573 1277 1714 2340 2742 2921 3261 3509 3701 3965 4129 4719 4758 4816 5009 5041 5088 5255 5287 5553 6617 7636 7841 7960 8772 8930 9298 9303 9308 9470 9588 9791
24 56 404 1230 1507 1535 1805 2145 2676 3137 3149 3308 3499 3609 3826 3932 3955 4993 5044 5446 5674 7706 8432 9485 9545
22 55 116 258 582 1329 1667 2031 2355 3353 4027 4357 4513 4751 4980 5064 5124 5494 5876 8050 8167 9858 9983
34 345 860 1270 1866 2129 2273 2663 3469 3505 3821 3928 4113 4338 4687 5468 5521 5546 6817 6869 7329 7363 7406 7774 7781 7854 8056 8260 8371 8504 8648 8855 9402 9432 9930
26 256 1138 1222 1359 1740 1807 2135 3103 3760 3919 4194 4992 5107 5762 6141 6426 6476 6624 7244 7467 7653 8173 8519 8568 9457 9676
22 32 84 879 2882 3698 3968 4318 4399 4873 4921 5889 6757 6839 7929 8093 8159 8359 8757 8895 8952 9556 9566
22 9 104 487 925 1205 1580 2692 3060 4444 5182 5580 5659 6152 6385 6455 6540 7750 8201 8208 8258 8557 9746
24 433 535 1430 1857 1881 2116 2745 3018 3041 3129 3678 4081 4258 4709 5146 5237 5828 6680 7399 7667 8717 9030 9145 9718
28 226 420 782 827 924 1258 1886 2138 2274 2855 3985 4059 5122 5130 5235 5455 5609 6079 6215 6321 6548 6861 7724 8081 8500 9309 9730 9742
28 290 521 653 740 1557 2151 2943 3091 3214 3220 4295 4353 4377 4456 4576 4936 5032 5110 5265 5273 5297 6454 6522 6687 8142 8551 8817 9525
32 293 872 1042 1115 1194 1279 1356 1375 1395 1521 2517 2568 2744 2925 3523 3815 4438 4553 4910 5657 6938 6951 7327 7530 7661 7940 7964 8299 8709 8844 9842 9899
27 434 767 849 1560 1708 2894 3047 3223 3255 3435 3540 3676 4430 4838 5193 5225 5378 6710 6784 7303 7392 8708 8728 8943 9131 9450 9685
23 202 352 799 954 958 984 2445 3409 3708 3946 4788 4917 5035 5197 5489 5990 6802 7449 7643 8320 8674 8942 9747
30 251 1121 1798 1833 1959 2002 2009 2696 3015 3207 3929 4011 4048 4089 4170 4490 4510 4536 4594 4695 4881 5099 5582 6778 7073 8107 8116 8893 9258 9689
30 265 337 808 867 915 1117 1163 1164 1290 1547 1749 1779 1917 2878 2996 3658 4022 4306 4599 4919 5083 5295 5499 5796 5862 6138 7584 7694 7820 8887
28 695 800 1107 1808 2101 2279 3344 4092 4354 4526 4538 4728 4741 4744 5043 5383 5988 6059 6255 6493 7208 7992 8008 8315 8337 8415 9443 9790
31 245 1259 1391 1758 2669 2801 2808 2981 3265 3569 4190 4664 4823 5071 5454 5689 5832 5834 6235 6264 7089 7143 7427 7446 7656 7671 8110 9425 9661 9694 9935
29 108 158 270 575 630 678 1039 1906 2168 2522 3001 3371 3884 4167 5543 5904 6036 6266 6507 6916 7015 7996 8628 8766 8891 9372 9489 9644 9779
24 173 224 371 1201 1327 1696 2591 2730 2870 3369 3855 4021 5472 5841 6325 6418 7041 8126 8379 8829 9297 9440 9513 9738
27 147 311 318 532 1102 1442 1592 1721 1768 3173 3854 4064 4189 4271 4629 5412 5878 6359 6365 6448 6955 7470 7638 8912 8973 9057 9971
33 42 180 939 1060 1155 1586 1627 1914 1961 2219 2446 2457 2786 3567 4001 4153 4428 4455 4534 5616 5677 6055 6125 6328 6467 6567 7404 8096 8187 8739 9066 9081 9900
38 545 633 931 1794 2315 2539 2622 2781 3099 3262 3819 3979 4142 4162 4231 4313 4448 4661 4795 5331 5476 5533 5826 5835 6164 6401 6510 7457 7755 7827 8001 8194 8310 8327 8685 9352 9471 9984
37 47 168 286 528 877 1144 1366 1510 1610 1657 1685 1933 2552 2618 2948 3108 4017 4681 5034 5070 5349 5369 5681 5842 5976 7040 7387 7391 7434 7519 8183 8430 8589 8615 9054 9461 9990
29 149 248 568 635 893 1132 1210 1584 1666 2703 3009 3812 4066 4233 5036 6308 6659 6675 6827 7379 7588 8037 8147 8402 8761 9027 9151 9835 9980
34 868 1055 1414 1706 1716 1848 2485 2559 2573 2715 3490 3923 3951 4003 4168 4499 4903 5007 5158 5445 6011 6142 6278 6814 6969 6985 7074 7892 8351 8695 9492 9577 9862 9870
34 732 1179 1319 1332 1490 1495 1630 2043 2141 2362 2492 2702 3216 3504 3628 3823 4071 4679 5224 5232 5846 5882 6031 6213 6236 6667 7720 8083 8146 8947 9148 9581 9724 9888
23 474 797 1371 1546 1662 1715 1767 1797 1974 2293 2889 3012 3100 4302 4757 5230 5248 6086 7215 7726 7744 8210 9554
24 151 445 493 973 1486 1874 2037 3763 3800 4132 4348 4497 5084 5139 5172 5716 5933 6341 6612 6810 7815 8156 8463 8506
33 452 890 1101 1497 2106 2263 2353 2784 2892 3097 3139 4084 4253 4418 4492 4506 5296 5424 5559 5872 6445 6504 6634 6681 6724 7051 7067 7288 8251 8642 8863 8989 9620
37 852 1296 1399 1616 1718 1763 1969 2054 2287 2324 2440 2936 3789 3836 3958 4074 4131 4833 5880 5989 6039 6096 6408 6535 6908 6909 7132 7424 7831 8079 8711 8988 9096 9097 9454 9469 9553
32 230 882 1004 1124 1337 1997 2364 2560 2674 3058 3117 3204 3356 3989 5201 5218 5279 5405 5704 5798 6047 6191 6872 6926 7888 8633 8666 8866 8903 9008 9369 9378
25 5 289 701 1012 2486 2567 2789 2900 3237 3406 3588 4355 4521 4617 5590 5767 6880 7212 7505 7633 7881 8176 8325 8407 9925
29 794 1303 1668 1764 2570 2625 3178 3721 3811 4582 4714 5125 5161 5289 5612 6097 6209 6399 6402 6576 6603 6637 7061 7833 8013 8311 8537 9292 9483
22 402 1339 1625 1688 2249 2270 2544 2877 3553 4289 4463 4540 4748 4839 5617 6395 6671 8066 8100 8149 8562 8803
40 307 550 758 1380 1611 1956 2029 2068 2203 2636 2667 2688 2756 2773 3594 3720 3729 3842 4668 4713 4763 5004 5190 5276 5493 5535 5625 5698 6307 6583 7209 7276 7280 7386 7991 8063 8088 8788 8877 9944
32 123 216 406 460 887 1160 1237 1272 1517 1811 1870 1951 2335 2369 2612 3037 3309 3457 3754 3853 4192 4808 5284 5478 5934 6064 6641 6892 7308 8205 8901 9826
34 628 875 937 946 1389 1976 2434 2493 2598 2603 2922 3526 4065 4186 4239 4825 5473 6131 6653 6743 6848 6881 7275 7738 8375 8444 8678 8710 9026 9052 9304 9768 9810 9996
29 35 264 1070 1589 1606 1947 2094 2171 2420 2718 2920 3354 4200 4489 4633 5147 5483 5655 5658 5890 5928 6919 6986 7010 8128 9031 9042 9761 9867
21 558 571 1445 1491 1699 2087 2501 2584 3325 3838 4145 4882 5539 5765 5975 6360 6665 6668 6746 9528 9845
38 292 948 1812 2074 2077 2205 2224 2316 2614 2616 3128 3604 3638 3916 4018 4730 4856 5103 5571 5758 5938 5969 6231 6683 6775 6836 6961 6982 7046 7587 7681 8546 8953 9063 9071 9381 9398 9433
36 171 529 540 559 686 698 729 1481 1827 1867 2122 2294 2319 2536 3111 3550 3863 4706 5449 5792 7034 7083 7140 7285 7506 7867 7930 7933 7942 8074 8228 8587 8660 8778 8779 9029
18 222 250 1499 2132 3321 3631 3640 3876 4356 4732 4877 5246 5853 6014 6932 7082 7732 7860
28 718 762 809 894 1621 1803 1822 1852 2405 3778 4278 4283 4782 5955 6070 6353 6669 6934 8326 8392 8419 8559 8571 9051 9585 9647 9681 9829
34 95 181 498 643 751 1061 1330 1571 1986 2103 2390 2449 2904 3910 4014 4345 5001 5626 5802 6218 6269 6372 6677 6947 7066 7765 8153 8259 8367 8378 8845 8995 9263 9535
28 195 677 1492 1614 1926 2246 2268 2498 2505 2707 2734 3568 4654 5318 5736 6179 6180 6306 6847 7105 7277 7984 8439 8797 8856 9238 9621 9909
27 563 1133 1566 2408 2714 3134 3245 3877 3902 4042 5302 5634 6987 7475 7481 7605 8233 8282 8405 8464 8483 8573 8625 8992 9412 9837 9985
38 18 242 707 746 970 1018 1154 1422 1548 1683 1856 2011 2323 2787 2864 3873 4285 4733 4742 4916 4999 5254 5506 6115 6216 6300 6501 6506 6614 7032 7364 7461 7500 7591 8025 8476 9200 9232
35 355 488 781 815 1364 1659 1789 2134 2356 2519 2531 2711 2875 3228 3758 4041 4100 4693 4967 5593 5614 6037 6052 6134 6226 6240 6289 6948 7160 7863 8148 8473 8762 9039 9906
23 534 1770 1936 2259 2297 2740 3094 3205 3781 3782 4433 4635 4981 5568 5789 5995 6075 7229 7710 7969 8509 9406 9743
28 935 1028 1147 1278 1701 2594 3021 3069 3170 3832 4215 4477 4725 4944 5426 5630 5913 6114 6146 6662 7055 7773 8399 8692 8750 9069 9544 9836
21 65 350 1048 1534 2184 2407 2471 3632 3846 5025 5055 5175 5438 6050 6464 6972 7458 8190 9074 9087 9557
24 1079 1440 1753 1872 2206 2377 3637 5304 5966 6017 6393 6405 6995 7114 7478 7708 7731 8064 8284 8658 8825 8846 9209 9374
25 218 254 419 549 590 663 814 1152 1676 2755 3130 3571 3585 3747 4653 4656 4828 4874 6029 6166 6379 8077 9445 9602 9828
26 157 252 324 1263 1562 1730 1873 2354 2387 2499 2810 2881 2927 2937 3737 3963 4143 5029 5065 5811 6349 6496 6575 6602 8422 9806
35 125 364 422 615 947 1019 1131 1241 1368 1488 1828 1929 1989 2232 3226 3274 3288 3570 3674 3918 3966 4107 4335 4432 5239 5363 6319 6797 6806 7227 7398 8029 8809 9351 9688
27 131 272 489 828 899 2776 3279 4505 4584 4809 5013 5022 5208 5461 5953 6320 6824 7381 8003 8582 8707 8883 9224 9547 9580 9884 9997
28 1021 1438 1609 1751 1912 1942 1999 2105 2381 2796 2958 3601 4052 4182 4232 4374 4914 5822 7737 7777 8713 8786 8892 9001 9009 9108 9377 9691
39 10 262 430 694 806 919 949 1118 1403 1413 1680 2342 2441 2474 2779 2957 3017 3326 4209 4429 4888 4950 5143 5347 5481 5589 5885 5999 6049 6362 6541 6745 7081 8062 8712 8984 9276 9422 9868
24 1390 1487 1878 2083 2146 2240 2421 2460 3157 3342 3522 4320 5127 5314 5420 6905 7141 7509 7607 8057 9455 9467 9549 9660
24 287 368 1456 2308 2341 3300 3318 3543 4035 5142 5234 5361 5467 5527 5873 6570 6960 6992 7134 8217 8938 9605 9657 9875
32 8 608 657 817 903 1267 1635 1704 1762 2044 2160 2257 2620 2623 3367 3804 3825 4043 4468 4491 4535 4634 4773 5548 6262 7193 7242 8011 8133 9048 9214 9538
34 49 206 505 613 616 1180 1308 1579 2139 2640 2658 3398 3491 4149 4365 4851 5111 5409 6559 6642 6704 7097 7402 7644 7662 7799 7861 8403 8872 9195 9204 9310 9805 9813
27 137 152 244 1605 1771 2728 2757 2759 2858 4564 4604 4607 4716 4723 5079 5774 6832 6954 7071 7211 7740 8594 8972 9102 9137 9357 9892
20 160 214 1977 2918 3016 3644 3901 4150 4735 5466 5586 6241 6915 7142 7676 7869 9614 9737 9914 9992
34 124 743 771 1057 1692 1893 2174 2561 2650 2751 3210 3322 4176 4213 4323 4703 4907 5027 5059 5277 5503 5544 5849 6020 6242 6547 6816 7456 7685 7897 8373 8510 9480 9839
32 153 585 692 1425 2127 2867 3189 3257 3310 3589 4025 4296 4309 4385 4393 4797 5120 5717 6326 6607 6807 7241 7322 7823 8297 8581 8776 8860 8963 9003 9021 9696
21 1153 1262 1291 1404 1732 2166 2309 2326 2662 3242 3389 3507 5377 5587 6327 6515 7384 7693 8382 9288 9591
36 46 298 675 1078 1184 2014 2266 2543 2709 2886 3188 3418 3827 4224 4474 4934 5003 5132 5189 5262 5619 6228 6573 6837 7050 7616 8022 8309 8478 8585 8933 9078 9099 9449 9815 9993
43 284 621 962 999 1310 1591 2012 2025 2164 2438 2654 3019 3484 3544 3709 3741 5145 5766 5799 5810 6106 6239 6364 6438 6470 6473 6766 7045 7388 7463 7918 7941 8068 8414 8597 8824 8937 9019 9380 9508 9649 9814 9895
25 649 1067 2253 2482 2496 2813 2861 3405 3468 3934 4009 6219 6311 6494 7177 7483 7559 7721 7866 8134 9116 9126 9210 9711 9998
37 199 448 715 891 960 2290 2302 2393 2423 2811 2969 4235 4814 4876 5264 5440 5705 5743 6078 6173 6374 6584 6655 6697 6732 6874 7106 7337 7395 7718 8032 8353 8565 8748 9230 9543 9933
35 118 279 1615 1729 2092 2113 2448 2842 3086 3673 3834 4097 4998 5679 5761 5949 6258 6265 6322 6369 6672 6755 6813 6821 7060 7254 7372 7542 8108 8271 8602 8874 9194 9403 9575
36 339 449 636 735 1022 1769 2175 3141 3153 3218 3340 3538 3634 3667 3679 4178 4202 4612 5091 5166 6174 6285 6619 6811 6820 6844 7565 7642 7751 7946 8185 8390 8939 9186 9407 9731
32 1006 1239 1362 1458 2239 2735 3144 3159 3299 3565 3706 3886 4286 4619 4622 4799 4908 4974 5108 5520 5974 6008 6084 6997 7052 7161 7600 7613 7692 8472 8631 9959
